JRq24QFFY/VDnKCVT14YGtIGpLpCUPIZEHYyW20565i3TCWaN0CiPJybWje69vVBPwYwI9ULl86PpokIk5SFsOnoS4koDCJWjeLaEXML5p7ws86w/M8sBEMtROhViyjsy1twh18C+pnX/87VA+BJSHlc8hJl+QyILNIQ4Ol/K25LisYJJ1KY9zVdJ/27oq7J
0m1Cd7c2Vg8vvX1MgbtD4WCR2vrVTlMYHgBshv4lqM67GEAym81JBph8AyRPVpGZktiB0Nwvu7FQRCYkA8tUWpL8aRxCo/+NZgREHSZSIHl8TgdzfDq5bQjW31V4hWMUCnPzwZanT6aJko2yWrD5j5wCqEzockXZSxQfxA7L24So3VEjP8+3pK7T
VelG2zYe6STVrsnZKAcODqnFxAh6/wJdBaflXSknw3nr+s+J4i9eWcdJhK3N4NSJGR8qagIQOSiUjh1vAaTuSbw0hHxyuP3mi9kBohjYSzBahzsdMhypxIz7MxUQYC7wU1/8nrL4QcjSN7epZiAMibaGCH1ciq/nLO6xSUhyV4EokUvQqvdbFYazBwIJNsWmSmRRCzzGgFi4ps19CzAXEF5fc0CI2Xn3r1v/gK73
Hj6+7cNTraK02ySedPj3ITlbEW+h2Ve2z9AkiO1XOL/tONWxk8LPHur6udt/YOp9aqC9xMMXxmpZiu0DYy72qcamzZbKwq/O6vTPvfzgX98WWI+dEkyovffygvnempJ5jen7/8Ue7bc8NKMyoxT3w0L7rb1jWoalx/CMexwT2qGvrto=
qgvFhCCK/yRDejWgdvs2G8sLCryQht286drO3ruV10nsjFOy0+0UYSmn3CdhuFkp97uKVtbapdN7cM5FJuDxvKeHQuLFahHLpx7SscqmwY7u8msGFhRTNXhwO6daGMOlNlystevSvrGa6vbhAWl3ZyHuKX8AFL86pwTT+447YUWHygItW5DwM1gj/rmjrtY=
dkWa0gxq6o+g/ZLT5vuMAcsLCryQht286drO3ruV10nsnVu81eIVMymn3CdhuFkp97qKVtbapdN7cM5FJuDxvKeHQuLFahHLpx7SscqmwY7u8msGFhRTNXhwO6daGMOlNlystevSvrGa6vbhAWl3ZyHuKX8AFL86pwTT+447YUWHygItW5DwM1gj/rmjrtY=
wM2+Qxn5QE94HXtA5/1ApukqJgRFkTL2gjsmOp5BCzoDZV43j7vuNAzmYXTJ2sSgV1FwMykN+rP7g107DdeY/404NXEzSa5eyvpZGx/gSr2KoJ2Eo5dmqnmKjUPDrhZp5qbtVipCD46K9O99XGA/nzZYb12yzMh9F/Kiub4aMrlt6Zu/ZZ4Ndxw0w3JDlFeDIvuNfYPaJuXn8Gy7vJO64Y+u+g==
uUfoU9EX5tm/e80ivw1rms22akoBpCZeRC1aXAhPJSk4yAUcG+hZRgt5wYIY+IuQ3Cf4PTJ8aSQMm/P1EABuENM/vH6y2AFoUpf3iWYATCk2JkhdXGrvh6wO8SlIkpfhqHGLsKrXm7UGE8ciCRYFBsrEkSs8pkC4OMYNnQtQV/DePzOgiPk5Vy/7v6Cu1w==
HxnGeV+wNBT9EM3Le9B3F3I4MkPaY3GMdC/xlJ6X/BNBUXFB1NzkQS5I7Vu9F0jf/TjFUWMPHr56esm7z6A6nZqgjeSTV7bK6Qp947PuxonWpt22+gJ/Lnp0fx2MoA//Jlh/fcKMGN2HchJZDlpimZ3p65+1Xr0XrLRT0hNUp6My+52ds5p2BXdwHBtMU+qBv67K
FCzJwJdmnaMKRPOIMVM4J48VrqpeWPFKCnQsS35+97u3QSX1US7LJpWMQz+FwNgmd0picYxvgtKFzqQ9l5ewvvLqS4koDCJWjeLaEXML5p7ws86w/M8sBEMtROhViyjsy1twh18C+pnX/87VA+BJSHlc8hJl+QyILNIQ4Ol/K25LisYJJ1KY9zVdJ/27oq7J
fpysXoUIn+zTPTFcOoWKu7zvOUQ294SD+dGJ0XN2wkMjwyWrlTdQr+U43aF7LTbOMjoBaycAgg3iIDV0a7cemqFKNdNbDt65zqbFhuLilx4yNDdNJED3b57YB+16LPANTzJaKSZ6emmF6fPvrX6V52R0G4J79B8zynslDcv63tW/sNQrJDPysaeu0g==
o7KXiYVU3U0kiwH07JyXUu7D2JqtgqhXU574gZxyyJ4rQdGKGPCbqP3+CPXytNl8bONjfZCI/ugz5ww28pBxMHKv54FmCFwRFn44FRwiX19M9mGhyBoHmcgpO3hqH2ttJivXKgkeFT7qHGHj/G7w4Fi+nRWL2McIPueD6MixSQ8Pw6+ort8=
uMGPBa61DqMCDavHZsVDVcG3ZkcY5W8WWzoDUUQQens60UQcG+hZRgt5wYIY+IuQ2yb4PTJ8aSQMm/P1EABuENM/vH6y2AFoUpf3iWYATCk2JkhdXGrvh6wO8SlIkpfhqHGLsKrXm7UGE8ciCRYFBsrEkSs8pkC4OMYNnQtQV/DePzOgiPk5Vy/7v6Cu1w==
XS+IBhU62MRuCjtbwurdmydUabjF1h37wqfbVGnYmHylJ9GgmPQrsy5HfQiLuCOog9hWFxOZ04bXEqVk+kYdmwz54FjQDB2mf8U4BaljWjcMvOmpHcjxX8t/02GrWB6GCzClPjYP9QVMlurN0eCza70cWOJ/BvEEldMiNu1iFClvC3C6umYbvfBwwnIlDqrFy1fm2nh/3kRk8wxgqwF0fC2XaGgDV6AzB/6aPf+TPoE7PMmMcRBiZn1FrGxEfqD0EePragMGlj3/LnjTnbFXKQP+ro0=
C19/HQCiw07IWwAWhzAZFU/+YkCFgyxQLl9lCfAE2l0PKudxbncHMIHA4b62+Vam9wLaZ2X3YM/1OM1BS2NHb4K6kct3QNItEiAFFDv3znoxykWz684umd6m1aYSIid+QrSnrfQApw+u2PfNKmygrd+y6olWOkqJlenjj52+ZUfU9IsiqzTPE7p7Fe0bOo61LzAky5RzgpG3rsI=
G/Rwq7mbDNmh9/23U8EhiRkA572r3gZYmZMgWCpfYQH8FMZFawoDSRJHy/jFgCV2+onqXlNifv/5Z+xHcbhJycfz2/cmWjWzy7AeZVbgwVx3xzJCVeqhq/feIpHaptGuHjI7ZqaUw5UIMOtHahizheacHNV7Uk4RyqrGARFpZwcRLvnfcJQv2hdEg9t+O1El1wryjcsQQNOIY46Zs67G
GIJ7CgbbLp+ipGwxz6b7ZcqYh2o5IlaB3hwXo9qr397/QWh9v9JytL+nM3gKdPCKmFflQbT6CtkZXANPpdDYFhcar4At/wJiZR7kTbeHsI6Suot5iJyi5m0ymmFTG+aukOMOQFxfrLSj/QSYdZso3KsLsHf/knopNy+OpSPwSXgZDDLixWmMOMwCUJDJbyteK9oG+YfCGEfVjWeNm7Ku+Q==
1Kuhha3GpIUsBg2fVsxq1tk5KvDTzpUuOCSnax4kFF9ffcLs+DlV+j01LL/1hPtgGwrEcdQibZJAg8ef0jtPePe1eQtli5iqi891SKAZ6AB/IMk/jD7rGh/XSSac7WQmb9KgyoUaGGR96bbIVTvU+A35WGSiqcWi8G10Unh9r6lZey/Wx6NOZBGmKby9p0Dbb1np8szx9eB+r7absOWNrvg=
KwqYneqyVHTOt47rQZsImbi1ixOmoFJW4XgeCjZncNTFmoMnSJL0lLUhk9p75XkemGQzDKa5QaHSoNF4fMdLKdDcVkyjY4SiUsQ5dCKLz5VmHHQ1RjpwQby219vcUsn1iE4vvdgtM2xKSyMpdo9/vomKvZq6WCm33Hr45EiatUHLjG+srmMLfGjlAUtf54e8rss=
5lm278aX1aNDxaDZ+MFib2Xn4oF9wo7trqiercr9QqRg7LCnNoPjbxZjI/gbbT1yRoxkiteH0dgkoYRAU9jNL+h2N/qjXy2WWDVIJkMKZHrhkqSEoaHS2FHD+LhhQdz0BuGZggxlUCI8pUMpNSPrJuOrMkTNbo0sOR+sG0Mh7eIoOamAwidSK/S9oa7U
ZfZw/3JlsQKGRwGexlzuTmcF+LRg/r3TL6+nH3L7r3iX9dmBgkS4quuP1chA2cgAH2Bpv2z+yxp/l+mmfC1EJk8SQEolWnhkXSlWSPV7tPgtObjkAumlotCtlNLYPc+pubuPVqfjbmTxZok83edg24+ZSXKssdXgnm8WG9Clra7Y
TBHE4ONOAvtUCTJ7WehwapdrMfZ+Nku2NTyD72Uw2DZXeiQn4h8CQiV+ZO13Z7Cu0toL2Uh8osYtUhrBk/vmjtCDjuCcv6yU452EOLV7KPzrazDXP3J6CXdPDgXjEElYWWyyQgWJjBiMYtAwCY8rfmu6hllHIhhnle3nLVtSrtk=
TdXSauSCJdIyOup0nKYEwWUF+KVi6LnTL6+nH3L7r3iX9dmHgkS4quuP1chA2cgAH2Bpv2z+yxp/l+mmfC1EJk8SQEolWnhkXSlWSPV7tPgtObjkAumlotCtlNLYPc+pubuPVqfjbmTxZok83edg24+ZSXKssdXgnm8WG9Clra7Y
HcR24iJyU7XD/vgyro0BxZdrN+BiK0u2NTyD72Uw2DZXeiIn4h8CQiV+ZO13Z7Cu0toL2Uh8osYtUhrBk/vmjtCDjuCcv6yU452EOLV7KPzrazDXP3J6CXdPDgXjEElYWWyyQgWJjBiMYtAwCY8rfmu6hllHIhhnle3nLVtSrtk=
NnFQksxi59zLnCOVmH/OfpdrNvZwLku2NTyD72Uw2DZXeiEn4h8CQiV+ZO13Z7Cu0toL2Uh8osYtUhrBk/vmjtCDjuCcv6yU452EOLV7KPzrazDXP3J6CXdPDgXjEElYWWyyQgWJjBiMYtAwCY8rfmu6hllHIhhnle3nLVtSrtk=
yXiUKL0cxERSGG2R/GlO++fs2ACsvlVT9zFQDiphNtLFlNN0Xprvh7Qmsdp75XkemGQzDKe4T6HSoNF4fMdLKdDcVkyjY4SiUsQ5dCKLz5VmHHQ1RjpwQby219vcUsn1iE4vvdgtM2xKSyMpdo9/vomKvZq6WCm33Hr45EiatU/LjG+srmMLfGjlAUtf54e8rss=
U3lWPyugHUO40tmIo7JUcMglVWwJ35NIdu6QuunsgXqtKJD2nZfdu9QLLR8NeYsMc5rxvtoMShbLieGSGOirYBt1l42yjMl0TKsT5RAQDiAT7xwOMmjhuBLn15lmEGxZdvao7dwaT1dsPpE5SIJ30eghK0AqZ/vlxuPnMgkGJfYKlPGbvFbg6Hj27YMLQDfAHu+T0AhJ2Ydvi5+wrsc=
BdDN2RHeJNuqflHE7XtUP9QsSNTivwWzXo8+L0jIu2fTWLFwyb/4me6b51gJPNwGLuUUAQXgwr1HfCwJLdqt9snNBkgfNPJT/mWJjtF2gxKh1OEOe7r/0mWq/YaDa5R6kpyp/MLDv61mJAR9prLgGXxux9P8mnmNCLaf9fglIzQKk7OhFkePhomyTVLa0LlvnCLo7GjSBbdL9N9kjmsbpKi9kcO/r/eErvM=
BdDN2RHeJNuqflHE7XtUP9QsSNTivwWzXo8+L0jIu2fTWLFwyb/4me6b51gJPNwGLuUUAQXgwr1HfCwJLdqt9snNBkgfNPJT/mWJjtF2gxKh1OEOe7r/0mWq/YaDa5R6kpyp/MLDv61mJAR9prLgGXxux9P8mnmNCLaf9fglIzQKk7OhFkePhomyTVLa0LlvnCLo7GjSBbdL9N9kjmsbpKi9kcO/r/eErvM=
zyKHhUU3ZJU10OwLaVT18ozooqvUC7+TT6PDbj0VGMaV7K3qtkG0SN3b5Ss9Lb7ENFRf0ezc9cETEyJ2bSIUae/LcHo6Jhv9cDDCsqXOqgVLF+aa+L/ehOQzDCArQXQ8rVdoqIMXoHOHvpr9f1M+Qbt8yczx0GKm/YWsLMQ+oLSRJOqqg0aWfX9ueBMdcVfpg76uzQ==
nxgq3vQ0+f5vB82WadJCHSBQz2tr38Npw9/ypJ/jv30fbP7wCZMQHfYPetLtErd/9Ia4wdDtCCp7byUIkPn4AG8AOf/cXluaj3c5ZkwNVCZfMnCK9bqI5M2J5gilG8T4HRloJPIJNSJgDcSSqF3fqalbf5Z3Q97kYQb5fI3HV9p/eZmyHBFFYO4PRlvghb2uyA==
ESvVgCTQkdTXI4JTRVlIAt/4242Yog+Y1FQMv6lj2N23iAxpRuYQl1yK2HQIqlWXytwPnG7zKwzo1eHbH5cnbK4b
8ShWwC2aSFQ1ySTtq6gPxkf6bkiAt39KIGIqGepNuV9cENtfX2IUIoKFp6Gguhym/xbRRAiuMOnBFdc4PjwdMd66iNo6XecpERULDzn3znoxykWz684umd6m1aYSIid+QrSnrfQApw+u2PfNKmygrd+y6olWOkqJlenjj52+ZUfU9IsiqzTPE7x6Fe0bOo61LzAky5RzgpG3rsI=
YSqmJPFL8ql7wOrz62ez3jBVdO/bNBdJYQ5K2rpOhYgf2iRrJKf/uEWfT/JKSHorYso2r+hGnZjtztq/SZEsmJC+neUNI/XgVG7AMbQ1gjx4Xbdnmj+PA6Vgut5+KiONABGxnZfVGe1QtIZUw9t0ChIsCQyCE5+9ZjQkreZCQKn8HidjvEoZnQimf6U4lUPEiiMT0dYXr5aJom0CGqAZ3xzSiFyoguWvSuS/tM7b+9QoDTEz/3/XlK7j
zr8qjBc/VKG4PrC4vUovPh5hpJUnE6jvXt87ajVlP4YeKiey9ikh7+/oJFluRv0NpHTbAjv037MMemWNC/oeVf+wFKvkM7IxZ64S
H0nunwAfv1OjfHBG5s0T8TfV4vL36NM2V8nVOpp5U2epHx8aHX/Ntemwg0BOVRSlRuRRb28l1JRBTSVcOzqu3ahyWBdPYmB6teI6BHXeVcwx70Ka6xHlwnBJ0cDaN2qLfG1Jrjw=
MF8B6SmCyyvLgQEZhlj5JPaEJ1eNrSoBhh6IHc/VDwesVF1eWt65kPkuSkoYFZvhkQm2gJ9cU/lIlmdcdNDki7mXkHk3LESdVtL4E/xOsEDY3t0zivgH6L5HQ8jI0Qlvj2NvSK4/
j/16vKDe3TEI8oguLQTxCxd+YCxRRiViWuLBrAkSMvb4qeNdYbXOPF9gK8W4qh9glOycN0kr6MW3kDwhpm6ALxxyyHwo4qUPSkR/VE77O3QobXFTf18XdK4D
eVB79WCbxopBcdaRHx9zjippy9cvmVEZQ08tZlrmybgZBhoS2M3LiTHhBvgfpOOR6H63BDQINKPZv2BBNxS0tTb6KMu8FmCoeLZtywqAtwAeLxMQCIlZR29LH3CuBw==
6ysAXCYc/ftW61+wS+I6xQNa5PIeq3ADdE8tZlrmybgZBhoS2M3LiTHhBvgfpOOR6H63BDQINKPZv2BBNxS0tTb6KMu8FmCoeLZtywqAtwAeLxMQCIlZR29LH3CuBw==
LEWPXrQDYVfAQ9BYGm1IZXM1mRjFp93noeDaZE02kZyGhEg/f/eJC6qevwaHPwDEy7LEWmB9AfUsh/dWcHt+oPQd7CSUlgCcge1qYpNuNtUvZjibTVl3QRN2rgU=
xPX2NIvBJ39fxlq4heHJrdQsSNTivwWzXo8+L0jIu2fTWLFwyb/4me6b51gJPNwGLuUUAQXgwr1HfCwJLdqt9snNBkgfNPJT/mWJjtF2gxKh1OEOe7r/0mWq/YaDa5R6kpyp/MLDv61mJAR9prLgGXxux9P8mnmNCLaf9fglIzQKk7OhFkePhomyTVLa0LlvnCLo7GjSBb9K9N9kjmsbpKi9kcO/r/eErvM=
fMGpYHjAFGxDSjStBuNocR5hpJQnE6jvXt87ajVlP4YeKiey9ikh7+/oJFluRv0NpHTbAjv037MMemWNC/oeVf+wFKvkM7IxZ64S
kGMVzuD5q+d8doxPlmFJ3Ckfg7V99BhiED4MWyvL4NAOT3mBjHjJ3trEDWZhzSvPnMIoDOgyxRhJVJ8EDgtbxKgd0eM/jzdkrhM=
n/05NDnTKZvpUAdAXn8RPJwFinpShUtEvq4hDSOE/4nRUkElUpK3nMVBh6C58gJnOILtBiBPQPjTQ6t6c0OPXc7Z4sQ9jr1sqX/dGXOBfSLYGRkAkkdCa0Qdca4E
XtG3saeFj3/6GSY9/+2ioet/NMAPI4yNkm2Qz+2dheJm+TW80JiFfIRwC7/5FPipOCEFGhdAOx8d3//I3qXIohCVfCbhQpjYEvCEiMLf2Jibk0N6GxNUslJTmoTlfoUM4c81mdvxNQIgKUFAKtfaywxNWa4s
LK1N8NVk+kuKBfQM4kAilm3JlUViWNG4ijUMB8odVLff4q52x3S4GgBtqelsUPnG2tw9XY6h4ffcOnikSFo1gMnM7+yuo4u8aCWBC1+nB3yuCw==
RDgbrcI7ZTFD7i/BaNRZ+A+ewy7QctQXm2e4PG6j4S089FFSWkiV6tFhsyP8LnCgWH4dU4gYR0g+JwMoyPHJzw+DL2iuHw==
4mhj992isZNTxrpaJc33Vk09y4BfsXEuGi5DFjGezuFAVXmBjHjJ3trEDXVuyTHPnMIoDOgyxR9IVJ8EDgtbxKgd0eM/jzdkrhM=
dOeCoYYQVZj31K7f6YbHew6ewy7QctQXm2e4PG6j4S089FFSWkiV6tFhsyP8LnCgWH4dUYgYR0g+JwMoyPHJzw+DL2iuHw==
tyP++DTiy6EP9qGKtpJPWk09y4BfsXEuGi5DFjGfzuFAVXmBjHjJ3trEDXVuyTHPnMIoDOgyxR1IVJ8EDgtbxKgd0eM/jzdkrhM=
njomeFgFt0+m2+3xUUeO5oi5Iw03ga37LxQJwKb5fie37A8gMQKqB+Aylcb4H3gY+1OjentTpz32CbqExT7ljAEPVp77MZWCgOmhQEqXOkusDXmuDA==
i58jbJp0M0Bv2cXd8nJD9f8w3SEJ0DlR4+FyFTOC+ZaFEUACBomluIpjwrasvkspMZrBSDpPQPjTQ6t6c0OcUsrD4sQ9jr1sqX/eHnOBfSLYGRkAkkdCa0Qdca4E
ZOFiDO41fQv0bSo70gHCdcZXpfVrSI23DVYHlyCKI+3Sn7S0ikNy7JQXEya6Hj0R0Tdj7caPezzJX/eSufxp4eKEBgDVMYDvm+daIyi0VBqxMPrUvX0d8v4fjfl5EiCPHTU84aZv8zKVgs7Yc5UmLMZGebm7ClDb4C/qQJNYDS+o9nf6Y99tlhi1iCaDiiR6oRJkhOEhktiRQzi4IcEc9MZh2YJM5ZAifCUDKfWjKyajK/JEDe7NLHmfYh4Doa3i6LlpgIKnkis0PeGulA==
w2NV9Yu5TwO7M/eaZGHvjtXiR7F9c2m0NQD1eaV9kXxAADjHb61HhzRs3hvRbCwFcNqOyhfec5lGVLf70JSetZ7D1Jx0EOcliueR41gjKrBeErskyMTPaTfaFHuv2Vv2Sqc3Yc6xlLu5+t/GDJix0WzkjJLL6Ule+nOKy0jgMTznhwJiBWrRS+cekjEKpgEOrvIrhtYUk7U4cHsnmhiDJXZcbDUr0v4x2uo2YcFpN+dh7un/wBT/uucEE3tAPiHFR8rCrRuQsLOYIz45466W
L7RhbfrqEaf/9Hd8ZJAbp7cQFzSvtOLUXVP3jr/B3Y0r+moOJiIxi0k79XKGCKKebGCY+jzCLYWhMJAMGCgn9FZqAo+Ibq8FaxRl26OrMtmWNqpDTDbziEZh7RxJyoTdE6qfVQk90VZWeiBvOBBzi4AhPKABEOQlD199GxBA7lDT/zy+spiBqFJXd8lmQMzpNubIHVyqb0esTnFpSFIXIagxC/CqFxv1BlNH4gnWhUbKhBHrPObA+DgGjVMOENew3v+zYIi5uZcvOz/grpc=
piAEySeefDPEP7RxK/6vR7cQFzSvtOLUXVP3jr/B3Y0r+moOJiIxjUk79XKACKKebGCY+jzCLYWhMJAMND8n/UpkFY+Ibq8FaxRl26OrMtmWNqpDTDbziEZh7RxJyoTdE6qfVQk90VZWeiBvOBBzi4AhPKABEOQlD199GxBA7lDT/zy+spiBqFJXd8lmQMzpNubIHVyqb0esTnFpSFIXIagxC/CqFxv1BlNH4gnWhUbKhBHrPObA+DgGjVMOENew3v+zYIi5uZcvOz/grpc=
e6zpxalUKSnCrXV5Rn80ZZOZRPTJsK8yXGGnflNmzC2IcrOAl/UJ+mBRyH1/IdbdihtTNXmBSo8GNZ1OYiMlAzskRFcU/Zhgow9jEmHZo7UOw+4gnlG8WN+iLofJPqm0WOdLXMtn2XMdHB68ZK34To/ROPdIcrG+CE+n+Rn5sP5yKktJqEwiFg0i2tHzS+becHPOcHyPLETD7UQo1csorEubcEffQvrZVz/OFYOgSQj5nPLS5bkMyKwSECBpMS4uy0rGyacSmLe1nSc9O+KuiQ==
XPhFvpqzTPIk3QJjEB9XwLcQFzSvtOLUXVP3jr/B3Y0r+moOJiIxjUk79XKACKKebGCY+jzCLYWhMJAMGCgn6ktrCI+Ibq8FaxRl26OrMtmWNqpDTDbziEZh7RxJyoTdE6qfVQk90VZWeiBvOBBzi4AhPKABEOQlD199GxBA7lDT/zy+spiBqFJXd8lmQMzpNubIHVyqb0esTnFpSFIXIagxC/CqFxv1BlNH4gnWhUbKhBHrPObA+DgGjVMOENew3v+zYIi5uZcvOz/grpc=
hOE/i2VBWJNwLrwPIl435pOZRPTJsK8yXGGnflNmzC2IcrOAl/UJ/GBRyH15IdbdihtTNXmBSo8GNZ1OcyUnFj8wRFcU/Zhgow9jEmHZo7UOw+4gnlG8WN+iLofJPqm0WOdLXMtn2XMdHB68ZK34To/ROPdIcrG+CE+n+Rn5sP5yKktJqEwiFg0i2tHzS+becHPOcHyPLETD7UQo1csorEubcEffQvrZVz/OFYOgSQj5nPLS5bkMyKwSECBpMS4uy0rGyacSmLe1nSc9O+KuiQ==
+5WQ91V/+16rWyGPtA7zHsZXpfVrSI23DVYHlyCKI+3Sn7S0ikNy6oVPSzasFWlO1jR2xIDsPH7eB+DSvc5u9/eZBgDVMYDvm+daIyi0VBqxMPrUvX0d8v4fjfl5EiCPHTU84aZv8zKVgs7Yc5UmLMZGebm7ClDb4C/qQJNYDS+o9nf6Y99tlhi1iCaDiiR6oRJkhOEhktiRQzi4IcEc9MZh2YJM5ZAifCUDKfWjKyajK/JEDe7NLHmfYh4Doa3i6LlpgIKnkis0PeGulA==
Az8u2sMRKihgcdWYCCXlI8ZXpfVrSI23DVYHlyCKI+3Sn7S0ikNy6oVPSzasFWlO1jR2xIDsPH7eB+DStN1k6vebBgDVMYDvm+daIyi0VBqxMPrUvX0d8v4fjfl5EiCPHTU84aZv8zKVgs7Yc5UmLMZGebm7ClDb4C/qQJNYDS+o9nf6Y99tlhi1iCaDiiR6oRJkhOEhktiRQzi4IcEc9MZh2YJM5ZAifCUDKfWjKyajK/JEDe7NLHmfYh4Doa3i6LlpgIKnkis0PeGulA==
0PVuEE4ZFS11h30lFhCbtsrmgzagdknn82RFyFPR0nlDamTtXZXa8OENv3+2lUppGbO3/vFDXMH8JAsx8VlIv2576GGunT6zWPCLDZ6XhdtEIzaISmKvDKQk40HDiiCj0xnnrr73g4miETjTLUpLPpAYLan4VBh6Z0mlNk6j/hP0oM1k01d2SikKPWPz7oYJFqYdNroCP646dL+dTKBPf2ZYP/0CjNhdx3JS2U5aohld6asf9V59l2y0k1JTVOcj/P5dHXOaNoU3cNybjFMqAf+uig==
QsNrt1PNgIFusEzT6XjQRivMQHrWsVIC+XUtGFFEo0kWfTbdkzDa3GR+BxrofOLWHkK3ktkfJ1h0kYfbh+bn0PfPo7u7JJ9BHvysOyPb25OF7NzIwds465/i65Ek0soQHJIIHKhCZe1LJD70zht7FChNsfP/P1dUriM=
UyQ+XsoxyA4bNjcjW73Ybb4sbI5KS5yXmGqW3+eAsuJm8Te8kr6iM7skEeKzQOOhdmMFEQpzKihc97CRwrPeohWyLz3AG4vRDOu43bWagZWIgkY/DRUAuFlIlYTlfoUM4c80m9vwNQIgKUFAKtfaywxNWa4s
dMjfx7BhgiUrtSUIu7rGar4sbI5KS5yXmGqW3+eAsuJm8Te8k76iM7skEeGzQOOhdmMFEQpzKihc97CRwrPeohWyLz3AG4vRDOu43bWagZWIgkY/DRUAuFlIlYTlfoUM4c8ymtvwNQIgKUFAKtfaywxNWa4s
cmQL98uOhQTPXBO7UnbzVA2ewy7QctQXm2e4PG6j4S089FFSWkiV6tFhsyP8LnCgWH4dVYkYRkg+JwMoyPHJzw+DL2iuHw==
FUb1AwTY/VvqJ5M+72X9gk09y4BfsXEuGi5DFjGczuFAVXmBjHjJ3trEDXVuyTHPnMIoDOgyxRlJVJ4EDgtbxKgd0eM/jzdkrhM=
lnTD8yKfPfJeSkiZBiryegyewy7QctQXm2e4PG6j4S089FFSWkiV6tFhsyP8LnCgWH4dWokYRkg+JwMoyPHJzw+DL2iuHw==
fSYT2GQXFuR7H1mwbnu/Ak09y4BfsXEuGi5DFjGdzuFAVXmBjHjJ3trEDXVuyTHPnMIoDOgyxRZJVJ4EDgtbxKgd0eM/jzdkrhM=
J2Kk6/nJlAcLPwgQkOfzyo09dukKSLoS3Bo4BMj6daHI7C5MLgNLnGhFQWvfx8ccrms=
HegRoypdW00xMOt2xHBFI1qx+kifPJNZyHKlMnTwpCs591BZNwyE/dZyuDP8LnCgWH4dVYgYRkg+JwMoyPHJzw+DL2iuHw==
W3AD1lGBx/7zkaQ0QXdZrDBVdO/bNBdJYQ5K2rpOhYgf2iRrJKf/uEWfT/JKSHorYso2r+hGnZjtztq/SZEsmJC+neUNI/XgVG7AMbQ1gjx4Xbdnmj+PA6Vgut5+KiONABGxnZfVGe1QtIZUw9t0ChIsCQyCE5+9ZjQkreZCQKn8HidjvEoZnQimf6U4lUPEiiMT0dYXr5aJom0CGqAZ3xzSiFyoguWpSOS+tM7b+9QoDTEz/3/XlK7j
Viad99r+I2K58fyICzdDxVqx+kifPJNZyHanPHTwpCs591BZNwyE/dZyuDP8LnCgWH4dVYgYRkg+JwMoyPHJzw+DL2iuHw==
7YESgQcOOQiNt1obSwnzQkf6bkiAt39KIGIqGepNuV9cENtfX2IUIoKFp6Gguhym/xbRRAiuMOnBFdc4PjwdMd66iNo6XecpERULDzn3znoxykWz684umd6m1aYSIid+QrSnrfQApw+u2PfNKmygrd+y6olWOkqJlenjj52+ZUfU9IsiqzTPE7p4FewbOo61LzAky5RzgpG3rsI=
3D1S5v633vxxW0yX/7e5KNG70I+EsA6KxURPr7Y22JWNzRY5SvgaglyK2HQIqlWRyNwOnG7zKwzo1eHbH5cnbK4b
ODfOYRq5EaRE6c7IR6Z5tg+ewy7QctQXm2e4PG6j4S089FFSWkiV6tFhsyP8LnCgWH4dW4gYRkg+JwMoyPHJzw+DL2iuHw==
IwF6h7PR9qZ9RANUnD8TiU09y4BfsXEuGi5DFjGezuFAVXmBjHjJ3trEDXVuyTHPnMIoDOgyxRdIVJ4EDgtbxKgd0eM/jzdkrhM=
1Ma5HbE/juEjM+G3ZF4eVw6ewy7QctQXm2e4PG6j4S089FFSWkiV6tFhsyP8LnCgWH4dU48YRkg+JwMoyPHJzw+DL2iuHw==
S1AAMNve4or8HnMnfA0F6E09y4BfsXEuGi5DFjGfzuFAVXmBjHjJ3trEDXVuyTHPnMIoDOgyxR9PVJ4EDgtbxKgd0eM/jzdkrhM=
dsTE1bQPoe9RnDZP6gPRKg2ewy7QctQXm2e4PG6j4S089FFSWkiV6tFhsyP8LnCgWH4dUY8YRkg+JwMoyPHJzw+DL2iuHw==
BWY2xhIhS0wsM0B/BJwikE09y4BfsXEuGi5DFjGczuFAVXmBjHjJ3trEDXVuyTHPnMIoDOgyxR1PVJ4EDgtbxKgd0eM/jzdkrhM=
4i77HoekAWVD5XMpP8n5kgyewy7QctQXm2e4PG6j4S089FFSWkiV6tFhsyP8LnCgWH4dVo8YRkg+JwMoyPHJzw+DL2iuHw==
TyVhdth39N8AeVkvqOu6WU09y4BfsXEuGi5DFjGdzuFAVXmBjHjJ3trEDXVuyTHPnMIoDOgyxRpPVJ4EDgtbxKgd0eM/jzdkrhM=
yp0WUB243kJD0Z+eNRlsfikFhbdm5hhiED4MWyvL4NAOT3mBjHjJ3trEDWZhzSvPnMIoDOgyxR5OVJ4EDgtbxKgd0eM/jzdkrhM=
CZjVMqQFP07kbIbcCSkwQZwFinpShUtEvq4hDSOE/4nRUkElUpK3nMVBh6C58gJnOILtBiBPQPjTQ6t6c0OPXc7Z4sQ9jr1sqX/bHnOAfSLYGRkAkkdCa0Qdca4E
FYVjX5ykTedOGLetv9+bbut/NMAPI4yNkm2Qz+2dheJm+TW80JiFfIRwC7/5FPipOCEFGhdAOx8d3//I3qXIohCVfCbhQpjYEvCEiMLf2Jibk0N6GxNUslJTmoTlfoUM4c8zntvwNQIgKUFAKtfaywxNWa4s
EuU+yUr3W3wq562XHrS3kW3NjAUqHpXk6zUMB8odVLff4rRwxW+qGgBtqelsUPnG2tw9XY6h4ffcOnikSFo1hs7M7uyuo4u8aCWBC1+nB3yuCw==
MyWrv+DT9pou8EBzyc9YXSkfg7V99BhiED4MWyvL4NAOT3mBjHjJ3trEDWZhzSvPnMIoDOgyxR1OVJ4EDgtbxKgd0eM/jzdkrhM=
+3eZmpg3nZ/Yeu5qRUCLVG3JlUViWNG4ijUMB8odVLff4q52x3S4GgBtqelsUPnG2tw9XY6h4ffcOnikSFo1hc7M7uyuo4u8aCWBC1+nB3yuCw==
KYmIjhJHvlaCPSDHdfy6kU47Lhj+hsHC2q5zAQXOneHUHmLnqkUG5J3P/syNqsTtuBNvYU8fInEA93XhJg75tsjHAu3c3ZG+Y31athx/V6HSULvsLxSf+geEczuhPoGEZ0ri7buQEPO4ox55Q642
fT7TBnpg2tIFfdtqknKwVdJ4EyYSiiqIaWNhRrfrZyCI6jCuw3g7HVbV6M7Ilkdgdz9DC/t0/1Ee7Ezr+W25+BdcfDgBCxj7n/LLQeQiaqCc4misaJKF/Us0UaSOq5vkqP0Rg79vd0SuMw==
5BBaQ8v0nKwPM+FOGd+T9NJ4EyYSiiqIaWNhRrfrZyCI6jCuwng7HVbV6M3Ilkdgdz9DC/t0/1Ee7Ezr+W25+BdcfDgBCxj7n/LLQeQiaqCc4misaJKF+Es0UaSOq5vkqP0Rg79vd0SuMw==
fBZHfJSimqHzLNGl1ypQCdJ4EyYSiiqIaWNhRrfrZyCI6jCuwXg7HVbV6MzIlkdgdz9DC/t0/1Ee7Ezr+W25+BdcfDgBCxj7n/LLQeQiaqCc4misaJKF90s0UaSOq5vkqP0Rg79vd0SuMw==
2xygGadxKJHnTc1jx7MLPtJ4EyYSiiqIaWNhRrfrZyCI6jCuwHg7HVbV6MvIlkdgdz9DC/t0/1Ee7Ezr+W25+BdcfDgBCxj7n/LLQeQiaqCc4misaJKF/Uo0UaSOq5vkqP0Rg79vd0SuMw==
Q3nWKjr85F7rNoo8uQfEvlpbZtVGDoOQe2C+AhNGz+Fiwfbmw5TPGjfE45vQP7Hn8YqSzWsQoBOo4+7ZE65m
JE6bgGzzIARFwYKRiFWMYTFTefPJPEULFmRCkqdVk80ZyyB5OIvnpHnJXclrASR4SO8bh/ILydmk29ifR8tpvoCSsYhKf6+8RWrQdL8ouhR1U5h2lymVG6RqjuFYHyCPDTunjZvAH+hQtIZUw9t0ChIsCQyCE5+9ZjQkreZCQKn8HidjvEoZnQimf6U4lUPEiiMT0dYXr5aJom0CGqAZ3xzSiFyoguWoTuS9ss7b+9QoDTEz/3/XlK7j
PnCoSmGpqEiYi3thHGu8yHz41fYPuu2DSWupcE2Qt/mZdIZlWTOqeVLl8YqmUb8eF28MSC6+lo3WXNOLRxaayadVU9JzS0WkN02C0onb/COwBAN8dtyirhxl2v0iJ4XZk6DtpHPX1goJCh0jE25mSfam/XZagt/uGnSf3ewg779GWF89Ygy4nadyMhnu2gLZfemLX1Xe3deMtHMSs9QHYxz+fV/VGpZFF3D8W+zTSsGfruo=
Nn/Zt4TGj6DU/FZes0TNszFTefPJPEULFmRCkqdVk80ZyyB5OIvnpHnJXclrASR4SO8bh/ILydmk29ifR8tpvoCSsYhKf6+8RWrQdL8ouhR1U5h2lymVG6RqjuFYHyCPDTunjZvAH+hQtIZUw9t0ChIsCQyCE5+9ZjQkreZCQKn8HidjvEoZnQimf6U4lUPEiiMT0dYXr5aJom0CGqAZ3xzSiFyoguWsT+S+ss7b+9QoDTEz/3/XlK7j
BxzfQKvg5UC+bEmB7nuY+PWKwA47x2ImfJbXdgRLrxr348+FnVQoPa0uoIjvkfK9Sg8rcTQGOQza2wdoBb74UK8ssgBVh9Cyx409jyT+JkUI22hbLS+viYvkNzwQYC7wU1/8nrL4QcjSN7epZiAMibaGCH1ciq/nLO6xSUhyV4EokUvQqvdbFYazBwIJNsWmSmRRCzzGgFi4ps18DzAWFl5fc0CI2Xn3r1v/gK73
nPN3dIdvgnVIqR470KPAvTFTefPJPEULFmRCkqdVk80ZyyB5OIvnpHnJXclrASR4SO8bh/ILydmk29ifR8tpvoCSsYhKf6+8RWrQdL8ouhR1U5h2lymVG6RqjuFYHyCPDTunjZvAH+hQtIZUw9t0ChIsCQyCE5+9ZjQkreZCQKn8HidjvEoZnQimf6U4lUPEiiMT0dYXr5aJom0CGqAZ3xzSiFyoguWoSOS5ts7a+9QoDTEz/3/XlK7j
o7kA0VmhI+TzkUsMTDlSo4gBokCEE7J94KEvNqadXbqvxnNZ1nFATm80Y7JjFLdDgv7tOKJaxyUH8Mz73BOaIW+uGg==
xaZag2I5o3rAr0+vSEQn/thMqvh8TGsBivH2d4iGpJX71updbxjs23DkqL5lNVN81+i3+507iRh3tALicjW4Cb50nZSz0aV8VCGhyeBQOBq0ZXEe3IYgCJt3o92zgqvVVgorToSxtL10Dx1PzyrLRYwQGXAk2QfagL2JVixQ3L2O6F9XxgLSN1zqmFSISpU/y3xL++7S6+zodaG7n7fnjK77
w4qQ/zQhVa7veqUN/xaQqxImYxlZMNCl+YV/aRIm8cuu+rovJxquabCX6p3juFg0OSZGWFws7amiXzdJynllOfSqBJwj8UQaNRQg4J0nVyt89P1aEF3NSI5f8MJKHvvFAAgCCtV2Sr07L+aiiAc+PJSLzBhbeZQE3e/oEPMvQEv3hlpFD+ve+ctEyfSBaIIejT1sFLQGQIzhlWsS93l2RA9WuKttybdR84au9Q==
4Joc1uSLe4HgX+Uu+jILEdHLcQ99kGecW9KSgn8AgSKCVY0iEDYUahhpx8ylR43uJf6LkQB0LOecsLaheDpxfFHxhmjDUzcAhbc4Ixpi//VHElrRQbhMgPdQcd8kbjPaZ+ehBoT9bCZnwrjqbSpgpKW5HijtS1x4hUmgxMp5HeLInVwyYG2nqVFrNzbv03akSfbBHMUXxlvnrVaSZSGtoIaf3ruo9YWu8A==
VNsxFTkt7urIzchyTgbpH1X3DyvhDSxMSm487cAMnRzjQvoip3BJ4sqFtUL4BgxqAFkvrJ2XxS7tjlMxaOSUZ2QgHkEgirk8mSH+SOsjLwCdRxAD4jK3NQ+igrHpKDQAT8CZf3yee5qvt5nm7M10Jn/y0ApVeqjk7UlGiAXb5Pj92QikEslVIoDNpBJInb+pSRsfFpcDvuSBRpn8bYc+2189PjK9UWVgzk/m20DFna7o
NSwFD1oIk7lLwCO6lNYMKGO9lrdA+LnjWzzxPi+KouWZPMEmEAqNZDvy+JG/SvICDmoCXSWkl4P3Pp+aeRmCgLZHRsR0aQreS2yr9bSAoWftQF8DWsuo5gVl/fYoGYPMlqDtpHPX1goJCh0jE25mSfam/XZagt/uGnSf3ewg779GWF89Ygy4nadyMhnu2gLZfemLX1Xe3deMtHMSs9QHYxz7fVnUGpdFF3D8W+zTSsGfruo=
vpdjaqHGjBA10NvHYwMOJ53hv+a4a1F4Bry5tqhqZTRzMrChlyrqMhZqGm09xL+zv/7XypF5OhDOx/5UjMmiDgOsY4VcoLmX9UBHc0LrwBZNJTWmgLn7XC4gFTTLN77awUrVEzuOfnnupuVGQmL33tI0Vw2EwFcvvtjnrRqsEM1vMnrphvoaqWXpk69N/jWnRHQ7wht0//OkewXJbHp/FV+wtGvEs1Lxh67y
LzaD61e6tqcSik9cX3uC5lkvaR4JJNW+4JMsLgg95t6u+rovJxquabCX6p3juFg0OSZGWFws7amiXzdJynllOfSqBJwj8UQaNRQg4J0nVyt89P1aEF3NSI5f8MJKHvvFAAgCCtV2Sr07L+aiiAc+PJSLzBhbeZQE3e/oEPMvQEv3hlpFD+ve+ctEyfSBaIIejT1sFLQGQIzhlWsS93l2RA9WuKttybdR84au9Q==
L7OVC239iFxYWaWqDzf0Vp3houq+eUpxNry5tqhqZTRzMrChlyrqMhZqGm09xL+zv/7XypF5OhDOx/5UjMmiDgOsY4VcoLmX9UBHc0LrwBZNJTWmgLn7XC4gFTTLN77awUrVEzuOfnnupuVGQmL33tI0Vw2EwFcvvtjnrRqsEM1vMnrphvoaqWXpk69N/jWnRHQ7wht0//OkewXJbHp/FV+wtGvEs1Lxh67y
VITvHOTix98a6srclfZyPiI6aHfSZ5qmRZaNDq/QfQGYyXtcJwo2EvuILcLunUlS9A4IagRRI7xhj+EOiXYPAaSsUCeg6FKxfDIdXH25Qthnq6uAGc+ck16q09WrGl7BJWBwwAsI1U+g5p+6i6/l9uDFcCZ7+twaKWKMxAkxmrhJE6A4uZHE1M5x8cLkVRiCxBU7Kc2Tk4Yrm1qEJf7FDCFP+pubdfIC4akBQOpXGstMzZmu7A==
oQ28QkOItP4XzfR7NIZKI8ZQPSF4nxRD5pMBNuL8/X7kWrlMVxLUuas65joSah5lMdSDq9ve87JNSXbYioc6HMA5/rbnzMcdIDA1H3HAw/vOezyO6cVRHlzJN5Rq4NF8BwfiIuVqMQsHnnJx6qbhTk5yy8Y2FHP12PCbZ3oYo2XW3Mx1C9LecXpqliHhaRcnwW5JP+AU33pHhLO7YDtBASBKo217kNBz+KNe+YOu9g==
mRzCdH2o4lkL1F5xRYFEZcdZIDZ+nF1Rtp0dPOe9yTDoQLFZVxLUuas65joSah5lMdSDq9ve87JNSXbYioc6HMA5/rbnzMcdIDA1H3HAw/vOezyO6cVRHlzJN5Rq4NF8BwfiIuVqMQsHnnJx6qbhTk5yy8Y2FHP12PCbZ3oYo2XW3Mx1C9LecXpqliHhaRcnwW5JP+AU33pHhLO7YDtBASBKo217kNBz+KNe+YOu9g==
ccO6UBBzIupiEf2D4UdnN9G70I+EsA6KxURPr7Y22NeMyQs5SvgaglyK2HQIqlWfy9wLm27yKwzo1eHbH5cnbK4b
fBC9OouIGB2+UPZW3B4dvDT2+FW7pmre2fVRTaACL1wk9Ctiy7Qv0xR7dak8uq/1TzCEC7Tz4tEXrmI=
NrOyTdcdi61OOItTXnAX5IYgOMJxdxrhIlhu8h+NTGC8inBoGUmrRp8V5kCXqlifJYXH9csarmE=
kwBkZMR/7bBD/eV3Y9Pqu409dukKSLoS3Bo4BMj6daXK7CtLLgJLnGhFQWvfx8ccrms=
EgSWlGDezpH9wAZZbHW4uVqx+kifPJNZyHKlMnTwpCs591BZNwyE/dZyuDP8LnCgWH4dUYoYQ08+JgMoyPHJzw+DL2iuHw==
I+fzriTGovNSfVguGeeVujBVdO/bNBdJYQ5K2rpOhYgf2iRrJKf/uEWfT/JKSHorYso2r+hGnZjtztq/SZEsmJC+neUNI/XgVG7AMbQ1gjx4Xbdnmj+PA6Vgut5+KiONABGxnZfVGe1QtIZUw9t0ChIsCQyCE5+9ZjQkreZCQKn8HidjvEoZnQimf6U4lUPEiiMT0dYXr5aJom0CGqAZ3xzSiFyoguWtSuS7s87a+9QoDTEz/3/XlK7j
iBk0SsWb9hBvStrQffptF1qx+kifPJNZyHanPHTwpCs591BZNwyE/dZyuDP8LnCgWH4dUYoYQ08+JgMoyPHJzw+DL2iuHw==
CKFM5mDnnLX1Nn8iaGdQpUf6bkiAt39KIGIqGepNuV9cENtfX2IUIoKFp6Gguhym/xbRRAiuMOnBFdc4PjwdMd66iNo6XecpERULDzn3znoxykWz684umd6m1aYSIid+QrSnrfQApw+u2PfNKmygrd+y6olWOkqJlenjj52+ZUfU9IsiqzTPE756FekcOo+1LzAky5RzgpG3rsI=
GWIlusdoU7Oyi4P1aoJApdG70I+EsA6KxURPr7Y22JWNzRY5SvgaglyK2HQIqlWVytwLm27yKwzo1eHbH5cnbK4b
ZYBp3L6+YqWLaWrzq+d+fikfg7V99BhiED4MWyvL4NAOT3mBjHjJ3trEDWZhzSvPnMIoDOgyxRdKVJsDDgpbxKgd0eM/jzdkrhM=
uy9fAm+xpmLf/Tk1lQwdO5wFinpShUtEvq4hDSOE/4nRUkElUpK3nMVBh6C58gJnOILtBiBPQPjTQ6t6c0OPXc7Z4sQ9jr1sqX/SGnOFeiLZGRkAkkdCa0Qdca4E
b+KEmONu8ZBbw+8NHUiIoet/NMAPI4yNkm2Qz+2dheJm+TW80JiFfIRwC7/5FPipOCEFGhdAOx8d3//I3qXIohCVfCbhQpjYEvCEiMLf2Jibk0N6GxNUslJTmoTlfoUM4c86mtv1MgIhKUFAKtfaywxNWa4s
5oLX0bLk3dXdOvuH2v4A9m3JlUViWNG4ijUMB8odVLff4q52x3S4GgBtqelsUPnG2tw9XY6h4ffcOnikSFo1j8rM6+uuoou8aCWBC1+nB3yuCw==
id8K63fVtv5UJrhr7uQQ6Cgfg7V99BhiED4MWyvL4NAOT3mBjHjJ3trEDWZhzSvPnMIoDOgyxR5JVJsDDgpbxKgd0eM/jzdkrhM=
g8GgFhWZf3PfoMlhGYk+wW3JlUViWNG4ijUMB8odVLff4652x3S4GgBtqelsUPnG2tw9XY6h4ffcOnikSFo1hsnM6+uuoou8aCWBC1+nB3yuCw==
r7SW5b2KgfDVNGtLY2JJiysfg7V99BhiED4MWyvL4NAOT3mBjHjJ3trEDWZhzSvPnMIoDOgyxRxJVJsDDgpbxKgd0eM/jzdkrhM=
iv4JjeP1KMqYcbsN3nK9UG3JlUViWNG4ijUMB8odVLff4K52x3S4GgBtqelsUPnG2tw9XY6h4ffcOnikSFo1hMnM6+uuoou8aCWBC1+nB3yuCw==
vWuJvty34hPvQgwlGrNCcyofg7V99BhiED4MWyvL4NAOT3mBjHjJ3trEDWZhzSvPnMIoDOgyxR1JVJsDDgpbxKgd0eM/jzdkrhM=
3eYrHbUok/Ji3IlhDjwqmG3JlUViWNG4ijUMB8odVLff4a52x3S4GgBtqelsUPnG2tw9XY6h4ffcOnikSFo1hcnM6+uuoou8aCWBC1+nB3yuCw==
xsnsfL7dlbf5xJY5/rzmRikFhbdm5hhiED4MWyvL4NAOT3mBjHjJ3trEDWZhzSvPnMIoDOgyxRZJVJsDDgpbxKgd0eM/jzdkrhM=
+v6niibjiW4tiBEX4QapH23NjAUqHpXk6zUMB8odVLff4rRwxW+qGgBtqelsUPnG2tw9XY6h4ffcOnikSFo1jsnM6+uuoou8aCWBC1+nB3yuCw==
S/GVHm5t5QPEWTUsDQ33XCgFhbdm5hhiED4MWyvL4NAOT3mBjHjJ3trEDWZhzSvPnMIoDOgyxR5IVJsDDgpbxKgd0eM/jzdkrhM=
UUMPsECVzMqNkeVOj+fMj23NjAUqHpXk6zUMB8odVLff47RwxW+qGgBtqelsUPnG2tw9XY6h4ffcOnikSFo1hsjM6+uuoou8aCWBC1+nB3yuCw==
lDfLB6glO+GAMUIfG/9ELysFhbdm5hhiED4MWyvL4NAOT3mBjHjJ3trEDWZhzSvPnMIoDOgyxRxIVJsDDgpbxKgd0eM/jzdkrhM=
t5sJ7UvR1Xu8xTvff1fXMG3NjAUqHpXk6zUMB8odVLff4LRwxW+qGgBtqelsUPnG2tw9XY6h4ffcOnikSFo1hMjM6+uuoou8aCWBC1+nB3yuCw==
QEX5bfe2uaY6+G8Y2OHzoyoFhbdm5hhiED4MWyvL4NAOT3mBjHjJ3trEDWZhzSvPnMIoDOgyxRpIVJsDDgpbxKgd0eM/jzdkrhM=
1iGht/LuzyHiSIVSssntdW3NjAUqHpXk6zUMB8odVLff4bRwxW+qGgBtqelsUPnG2tw9XY6h4ffcOnikSFo1gsjM6+uuoou8aCWBC1+nB3yuCw==
Iei5Nux4nRdq6Hm7TCB1qg+ewy7QctQXm2e4PG6j4S089FFSWkiV6tFhsyP8LnCgWH4dVIgYQ08+JgMoyPHJzw+DL2iuHw==
1VUtSkfu1xzJB+WNLS0DZ009y4BfsXEuGi5DFjGezuFAVXmBjHjJ3trEDXVuyTHPnMIoDOgyxRhIVJsDDgpbxKgd0eM/jzdkrhM=
r3i1wmz6HZWWBwULEwQGPg6ewy7QctQXm2e4PG6j4S089FFSWkiV6tFhsyP8LnCgWH4dWogYQ08+JgMoyPHJzw+DL2iuHw==
98cpF2wgidyjfTvMEwz1u009y4BfsXEuGi5DFjGfzuFAVXmBjHjJ3trEDXVuyTHPnMIoDOgyxRZIVJsDDgpbxKgd0eM/jzdkrhM=
659r/C+N2RRYa52w+ZBkuA2ewy7QctQXm2e4PG6j4S089FFSWkiV6tFhsyP8LnCgWH4dVI8YQ08+JgMoyPHJzw+DL2iuHw==
OHURXd2gTzjEPze6YeAnrE09y4BfsXEuGi5DFjGczuFAVXmBjHjJ3trEDXVuyTHPnMIoDOgyxRhPVJsDDgpbxKgd0eM/jzdkrhM=
MhVCsWn2tSYVVao5KuEJFAyewy7QctQXm2e4PG6j4S089FFSWkiV6tFhsyP8LnCgWH4dVY8YQ08+JgMoyPHJzw+DL2iuHw==
AHns4h3Fm5dLi1vPPlNQoE09y4BfsXEuGi5DFjGdzuFAVXmBjHjJ3trEDXVuyTHPnMIoDOgyxRlPVJsDDgpbxKgd0eM/jzdkrhM=
L0U3KpP97GwXS1fIDuVmsQuewy7QctQXm2e4PG6j4S089FFSWkiV6tFhsyP8LnCgWH4dW48YQ08+JgMoyPHJzw+DL2iuHw==
4bODI3jMJ/zbf4j99z3F1E09y4BfsXEuGi5DFjGazuFAVXmBjHjJ3trEDXVuyTHPnMIoDOgyxRdPVJsDDgpbxKgd0eM/jzdkrhM=
R1Xtglv54Pop616RXuInRAqewy7QctQXm2e4PG6j4S089FFSWkiV6tFhsyP8LnCgWH4dUo4YQ08+JgMoyPHJzw+DL2iuHw==
76Fhp4bZuVnVMEjjdRDRtE09y4BfsXEuGi5DFjGbzuFAVXmBjHjJ3trEDXVuyTHPnMIoDOgyxR5OVJsDDgpbxKgd0eM/jzdkrhM=
e9XvkAwQCmuJESCMMfiuUgmewy7QctQXm2e4PG6j4S089FFSWkiV6tFhsyP8LnCgWH4dUI4YQ08+JgMoyPHJzw+DL2iuHw==
V9gR3gaOZBrNNZ+rz/2aiE09y4BfsXEuGi5DFjGYzuFAVXmBjHjJ3trEDXVuyTHPnMIoDOgyxRxOVJsDDgpbxKgd0eM/jzdkrhM=
tYHtfKoV8JS9Z6uOsgbbogiewy7QctQXm2e4PG6j4S089FFSWkiV6tFhsyP8LnCgWH4dUY4YQ08+JgMoyPHJzw+DL2iuHw==
3lzFYinF3TG4f0GQdLjPVk09y4BfsXEuGi5DFjGZzuFAVXmBjHjJ3trEDXVuyTHPnMIoDOgyxR1OVJsDDgpbxKgd0eM/jzdkrhM=
lnG00ydosOnAK4gsdN0zfV9Cv01iAHuF0ia31j4ss6NK3zlRnU+u0oM7Ck5qha//16KvhFdbKz8rgDcVXqiEHzPf04eluJSMkX+Qfx92QzV0loJEPIYAGLhmTb8OcJJXXp7zgIgZ+bevG39Arjc=
brLSkMRqVz/EY5GDxBPZ3l9Cv01iAHiF0ia31j4ss6NK3zlRnU+u0oM7Ck5qha//16KvhFdbKz8rgDcVXqiEHjPf04eluJSMkX+Qfx92QzV0loJEPIYAGLhmTbsLcJVXXp7zgIgZ+bevG39Arjc=
FWYMcqCjAYJfhVVQnuGn919Cv01iAHmF0ia31j4ss6NK3zlRnU+u0oM7Ck5qha//16KvhFdbKz8rgDcVXqiEHTPf04eluJSMkX+Qfx92QzV0loJEPIYAGLhmTbwLcJVXXp7zgIgZ+bevG39Arjc=
7THPZplfXQCZmHaEFzFRvV9Cv01iAH6F0ia31j4ss6NK3zlRnU+u0oM7Ck5qha//16KvhFdbKz8rgDcVXqiEHDPf04eluJSMkX+Qfx92QzV0loJEPIYAGLhmTbMLcJVXXp7zgIgZ+bevG39Arjc=
tFclSjuNlW73tvGG/BbbL9J4EyYSiiqIaWNhRrfrZyCI6jCuwHg7HVbV6MrIlkdgdz9DC/t0/1Ee7Ezr+W25+BdcfDgBCxj7n/LLQeQiaqCc4misaJKF+0o0XaOOqpvkqP0Rg79vd0SuMw==
VTxAWzI1oHNVwqG/t3SgfNJ4EyYSiiqIaWNhRrfrZyCI6jCuwXg7HVbV6MnIlkdgdz9DC/t0/1Ee7Ezr+W25+BdcfDgBCxj7n/LLQeQiaqCc4misaJKF9ko0XaOOqpvkqP0Rg79vd0SuMw==
uJIzKU/86PxGp1xpnHBR++Z9eH0/wgLbjcCGk/x8Dwz40Jf4HrFS3VMQ0s/nAHtKTZnMpai+l5i3hxNjW9wPyZ50PENZhWlAVyQsEOHjKOOf6vupBAo62NxauETIOvViyaytCy7Cy1xoBcGr3wdHXK4r
rf0j55WCE/VjU/j5+kdREeZ9eH0/wgXbjcCGk/x8Dwz40Jf4HrFS3lMQ0s/nAHtKTZnLpai+l5i3hxNjW9wPyZ50PEJZhWlAVyQsEOHjKOOf6vupBAo62NxauETIOvVlyKytCy7Cy1xoBcGr3wdHXK4r
eCIattbLh23T6DVrXWOFzuZ9eH0/wgLbjcCGk/x8Dwz40Jf4HrFS31MQ0s/nAHtKTZnMpai+l5i3hxNjW9wPyZ50PEFZhWlAVyQsEOHjKOOf6vupBAo62NxauETIOvVuyKytCy7Cy1xoBcGr3wdHXK4r
IWPKNPMHIHtYGLo8q51eD9J4EyYSiiqIaWNhRrfrZyCI6jCuwng7HVbV6MrIlkdgdz9DC/t0/1Ee7Ezq+W25+BdcfDgBCxj7n/LLQeQiaqCc4misaJKF9k40UKOOqpvkqP0Rg79vd0SuMw==
FVPioqiA9ajjFIBn4Xk+atJ4EyYSiiqIaWNhRrfrZyCI6jCuw3g7HVbV6MnIlkdgdz9DC/t0/1Ee7Ezq+W25+BdcfDgBCxj7n/LLQeQiaqCc4misaJKF+ks0WaaOo5rkqP0Rg79vd0SuMw==
Rdc7js7pa14/67c6iBtV3dJ4EyYSiiqIaWNhRrfrZyCI6jCuxHg7HVbV6MrIlkdgdz9DC/t0/1Ee7Ezp+W25+BdcfDgBCxj7n/LLQeQiaqCc4misaJKF/Eo0WaaOo5rkqP0Rg79vd0SuMw==
HdA7ZsufGRKlhUcGqcHIQ9J4EyYSiiqIaWNhRrfrZyCI6jCuxXg7HVbV6MnIlkdgdz9DC/t0/1Ee7Ezp+W25+BdcfDgBCxj7n/LLQeQiaqCc4misaJKF/0k0WaaOo5rkqP0Rg79vd0SuMw==
8wO88Gdrqm5aml8S0QvGadJ4EyYSiiqIaWNhRrfrZyCI6jCuxng7HVbV6MrIlkdgdz9DC/t0/1Ee7Ezo+W25+BdcfDgBCxj7n/LLQeQiaqCc4misaJKF+Uk0WaaOo5rkqP0Rg79vd0SuMw==
Ke/uLDfLv3qE6TQIEu3OINJ4EyYSiiqIaWNhRrfrZyCI6jCux3g7HVbV6MnIlkdgdz9DC/t0/1Ee7Ezo+W25+BdcfDgBCxj7n/LLQeQiaqCc4misaJKF/Ug0WaaOo5rkqP0Rg79vd0SuMw==
3zRqeZoIi+QeCdSKkpSLu1SmdOxHYiD2pCFDyIaNc+C7Nl930i6+ZLHmSTydZ6Pezx+LcuQwFeDe79YbkCVtrhg=
cj07rFxSOOw1vgcw/XBtShkg1ohvMgffWlSluprblPNCbBzL+OkHOOIV/2A3rrsHFmZiRI3uTSz5n+8eg6cv4mC46YACpxIrtD1hrhQ=
2C0/k6IognF9HvWJywRHlSN52xnPusrw5/v8Y1c0+diChEgtaPzTEabQvBWHOA/e1rCYQSNsBPcbyIBGbGhju+Ad7CSUlgCcgehuYpVsNt0uZjibTVl3QRN2rgU=
XjQ57IRk5gQBEJ/V82D4x20EnqYvsmIkFmdLEnfA4tJIB3+WjHn/msCQAGJ7xTTfnMIoDOgyxRdOVJkGDgNaxKgd0eM/jzdkrhM=
nzSp/FzF1Zo127bYNvf2Ih5hpYx6UrDrEYwyeT0jNYwJcC6l8WAk2bmgcWJ9X+AqtHTbAjv037MMemWKCfoWVP+wFKvkM7IxZ64S
YG+1Ug0tO0dI0D4SES6o8mEIxuAm/youCWdLEnfA4tJIB3+WjHn/msCQAGJ7xTTfnMIoDOgyxR1KVJgGDgNaxKgd0eM/jzdkrhM=
1Rhc0Tw5eBH3GW6Hw/zmsR5hpox6UrDrEYwyeT0jNYwJcC6l8WAk2bmgcWJ9X+AqtHTbAjv037MJemWKCfoWVP+wFKvkM7IxZ64S
7cIMicdLxKYtt/axtxEg3Uo/8Yw3GrL8Xdk2eT0jNYwJcC6l8WAk2bmgcWJ9X+AqtHTbAjv037MKemWKCfoWVP+wFKvkM7IxZ64S
ooMf474bL4+FW1AKQgKdLRkg1ohvMgffWlSluprblPNCbBzL+OkHOOIV/2A3rrsHFmZiRI3uTSz5n+wag6Yv4mC46YACpxIrtD1hrhQ=
8Cbhl/DPu+23YfukB2XXKCN52xnPusrw5/v8Y1c0+diChEgtaPzTEabQvBWHOA/e1rCYQSNsBPcbyIBGbGhju+Ad7CSUlgCcgetqYpRsNt0uZjibTVl3QRN2rgU=
dlVMTD7b+NM18oqh0CIHUm0EnqYvsmIkFmdLEnfA4tJIB3+WjHn/msCQAGJ7xTTfnMIoDOgyxR5JVJgGDgNaxKgd0eM/jzdkrhM=
OPIT5a+obXw0RDKA1651DSN52xnPusrw5/v8Y1c0+diChEgtaPzTEabQvBWHOA/e1rCYQSNsBPcbyIBGbGhju+Ad7CSUlgCcgexoYpRsNt0uZjibTVl3QRN2rgU=
O+3ZgHcm3stogxiibE0uYW0EnqYvsmIkFmdLEnfA4tJIB3+WjHn/msCQAGJ7xTTfnMIoDOgyxR9IVJgGDgNaxKgd0eM/jzdkrhM=
h/3VfUnWzES7hvfbChaueSN52xnPusrw5/v8Y1c0+diChEgtaPzTEabQvBWHOA/e1rCYQSNsBPcbyIBGbGhju+Ad7CSUlgCcgehoYpRsNt0uZjibTVl3QRN2rgU=
NceCt8vAbOlxJdz3ix7eFFct5q1QU6cHkrPb/OTo2AsoEyCk56C9fjU+VxCuUjZtP8y/sn5UON27+JR7k0wA+pTcExcIuYz4TMJQUEmqL56sGAYxBgIYh1VNZ00bcq45
Rkdp69mcaatwjG9kfE3v1m0EnqYvsmIkFmdLEnfA4tJIB3+WjHn/msCQAGJ7xTTfnMIoDOgyxRlPVJgGDgNaxKgd0eM/jzdkrhM=
c20lqLaG5HPxo88D3ry6KyB52xnPusrw5/v8Y1c0+diChEgtaPzTEabQvBWHOA/e1rCYQSNsBPcbyIBGbGhju+Ad7CSUlgCcgetvYpRsNt0uZjibTVl3QRN2rgU=
Rkdp69mcaatwjG9kfE3v1m0EnqYvsmIkFmdLEnfA4tJIB3+WjHn/msCQAGJ7xTTfnMIoDOgyxRlPVJgGDgNaxKgd0eM/jzdkrhM=
c20lqLaG5HPxo88D3ry6KyB52xnPusrw5/v8Y1c0+diChEgtaPzTEabQvBWHOA/e1rCYQSNsBPcbyIBGbGhju+Ad7CSUlgCcgetvYpRsNt0uZjibTVl3QRN2rgU=
N6cmmaB7dn+y1uVFt9oQ+G0EnqYvsmIkFmdLEnfA4tJIB3+WjHn/msCQAGJ7xTTfnMIoDOgyxRZPVJgGDgNaxKgd0eM/jzdkrhM=
HGSCV1gN8au/0as7rpaEgyB52xnPusrw5/v8Y1c0+diChEgtaPzTEabQvBWHOA/e1rCYQSNsBPcbyIBGbGhju+Ad7CSUlgCcgeRvYpRsNt0uZjibTVl3QRN2rgU=
w5CbZaZXJZYCxw2q5HZOYPTNpx7t3DMpoZTwHmIMQ8W9pW07N1Mv1GfGRlntY+UsmfCeBQEgFDmpoGECTZ+QigT0S6JrNI+T/H5Valk6xjRvMGRLVHNCEXeuAg==
/EL4/xQG4QJpIW42kzpvpePj94iRmf+KXjDNh8mZw1TByQdxayQTq5rNzQcwdxBYL/Td0s26x4wGpvYhZ+hPjnZAGDGDvMSne/iAdgw4o2tAbWzUNMZATGHdblJ0vHaNjpa46+2JtxFzRq41
6ihY9uvT4VK1lWx93+VO6V9Cv1UnWiXHhyDy1i0lrfdrzj1ftwP/moshFktNhbT5mOKzgk1AOSR/5moAVsPDRifUypbog9fCnG23PkA0SHZrkZxbPIYAGLhmTbsOcJBSXpfygIgZ+bevG39Arjc=
A7bS6PmJp6hIeKmB8i64S19CvFUnWiXHhyDy1i0lrfdrzj1ftwP/moshFktNhbT5mOKzgk1AOSR/5moAVsPDRifUypbog9fCnG23PkA0SHZrkZxbPIYAGLhmTbsOcJBSXpfygIgZ+bevG39Arjc=
3yeFRZ8n76t97h/Qdw7KsUw7LxH+z4OfmPt1RAXdlP+AP3PjpG9KtdXH5NCIjcT2vlwvfUkFOWMboxO8MwaS8ZHTCfTNkKr9LXBIkV0gFaqRT7zyMBSf+geEczuoPoGCZUrq7LuQEPO4ox55Q642
4FD0w34hRgSmd4yrQTMKvE07LxH+z4OfmPt1RAXdlP+AP3PjpG9KtdXH5NCIjcT2vlwvfUkFOWMboxO8MwaS8ZHTCfTNkKr9LXBIkV0gFaqRT7zyMBSf+geEczuoPoGCZUrq7LuQEPO4ox55Q642
S/KmjB7EpwPg0wtTtSBv9Eo7LxH+z4OfmPt1RAXdlP+AP3PjpG9KtdXH5NCIjcT2vlwvfUkFOWMboxO8MwaS8ZHTCfTNkKr9LXBIkV0gFaqRT7zyMBSf+geEczuoPoGCZUrq7LuQEPO4ox55Q642
HuA/wXb8WapLMIJW70qxKks7LxH+z4OfmPt1RAXdlP+AP3PjpG9KtdXH5NCIjcT2vlwvfUkFOWMboxO8MwaS8ZHTCfTNkKr9LXBIkV0gFaqRT7zyMBSf+geEczuoPoGCZUrq7LuQEPO4ox55Q642
KOOkvRKLPOG9DFExCr9qckp6I2jNiiqMwR3Qt8wPrxuATy6t6dfo2IyNwP6yTBNlLSUdm8eTX/R3xlY53aNVTClwDmVR4MQZ2aCRIh3fQGqUdPtC23S/c+9+RUqperaUn7D064SzEnFHrjI=
THUZ5QLF6UDtkkSwkPWDXW0EnqYvsmIkFmdLEnfA4tJIB3+WjHn/msCQAGJ7xTTfnMIoDOgyxRhOVJgGDgNaxKgd0eM/jzdkrhM=
ZjWmyZXYswaZGMdIc9yQfSB52xnPusrw5/v8Y1c0+diChEgtaPzTEabQvBWHOA/e1rCYQSNsBPcbyIBGbGhju+Ad7CSUlgCcgepuYpRsNt0uZjibTVl3QRN2rgU=
THUZ5QLF6UDtkkSwkPWDXW0EnqYvsmIkFmdLEnfA4tJIB3+WjHn/msCQAGJ7xTTfnMIoDOgyxRhOVJgGDgNaxKgd0eM/jzdkrhM=
3KeA2G86mHbCv/dHfD0ZtyN52xnPusrw5/v8Y1c0+diChEgtaPzTEabQvBWHOA/e1rCYQSNsBPcbyIBGbGhju+Ad7CSUlgCcgepuYpRsNt0uZjibTVl3QRN2rgU=
+L42y6xdf0LehLhjGjowMG0EnqYvsmIkFmdLEnfA4tJIB3+WjHn/msCQAGJ7xTTfnMIoDOgyxRlOVJgGDgNaxKgd0eM/jzdkrhM=
/7bNkFPEstQJLM2LBVTSuSN52xnPusrw5/v8Y1c0+diChEgtaPzTEabQvBWHOA/e1rCYQSNsBPcbyIBGbGhju+Ad7CSUlgCcgetuYpRsNt0uZjibTVl3QRN2rgU=
+L42y6xdf0LehLhjGjowMG0EnqYvsmIkFmdLEnfA4tJIB3+WjHn/msCQAGJ7xTTfnMIoDOgyxRlOVJgGDgNaxKgd0eM/jzdkrhM=
GKR3vAYxZXcj0ThI+iQqTyB52xnPusrw5/v8Y1c0+diChEgtaPzTEabQvBWHOA/e1rCYQSNsBPcbyIBGbGhju+Ad7CSUlgCcgetuYpRsNt0uZjibTVl3QRN2rgU=
R6Wq7v+HNfk40emgQsZpnF9CvFUnWiXHhyDy1i0lrfdrzj1ftwP/moshFktNhbT5mOKzgk1AOSR/5moAVsPDRifUypbog9fCnG23PkA0SHZrkZxbPIYAGLhmTbMOcJBSXpfygIgZ+bevG39Arjc=
+vPqLi1RL/+y9wKTyGrNaW0EnqYvsmIkFmdLEnfA4tJIB3+WjHn/msCQAGJ7xTTfnMIoDOgyxRxLVJsGDgNaxKgd0eM/jzdkrhM=
Inv8gbF5atLthQd9zqrWfyN52xnPusrw5/v8Y1c0+diChEgtaPzTEabQvBWHOA/e1rCYQSNsBPcbyIBGbGhju+Ad7CSUlgCcge5rYpdsNt0uZjibTVl3QRN2rgU=
bpApdx8wcU0DAxxzs8rjXW0EnqYvsmIkFmdLEnfA4tJIB3+WjHn/msCQAGJ7xTTfnMIoDOgyxRtLVJsGDgNaxKgd0eM/jzdkrhM=
3x/pH/CFVH+zgXVAMvhH3iB52xnPusrw5/v8Y1c0+diChEgtaPzTEabQvBWHOA/e1rCYQSNsBPcbyIBGbGhju+Ad7CSUlgCcgelrYpdsNt0uZjibTVl3QRN2rgU=
8WUvOSeu04f5b344eTCWY20EnqYvsmIkFmdLEnfA4tJIB3+WjHn/msCQAGJ7xTTfnMIoDOgyxRhLVJsGDgNaxKgd0eM/jzdkrhM=
qwrU8KP5CCHxiYpHkv3RyCN52xnPusrw5/v8Y1c0+diChEgtaPzTEabQvBWHOA/e1rCYQSNsBPcbyIBGbGhju+Ad7CSUlgCcgeprYpdsNt0uZjibTVl3QRN2rgU=
LwnLyegq5Z7AMvyQ65OQt/TNpx7t3DMpoZTwHmIMQ8W9pW07N1Mv1GfGRlntY+UsmfCeBQEgFDmpoGECTZ+QigT0S6JrNI+T9HtVaVk6xjRvMGRLVHNCEXeuAg==
POsZsmZjL3CKon8VMfp8VePj94iRmf+KXjDNh8mZw1TByQdxayQTq5rNzQcwdxBYL/Td0s26x4wGpvYhZ+hPjnZAGDGDvMSne/iAdgw4o2tAbWzUNMZATGHZalJ3vHaNjpa46+2JtxFzRq41
R2R5/cHCPnKJ6El5Ab11X19CvFUnWiXHhyDy1i0lrfdrzj1ftwP/moshFktNhbT5mOKzgk1AOSR/5moAVsPDRifUypbog9fCnG23PkA0SHZrkZxbPIYAGLhmTb8KcJNSXpfygIgZ+bevG39Arjc=
Lp7wplVjvGeYXAWgRKwdZkw7LxH+z4OfmPt1RAXdlP+AP3PjpG9KtdXH5NCIjcT2vlwvfUkFOWMboxO8MwaS8ZHTCfTNkKr9LXBIkV0gFaqRT7zyMBSf+geEczuvOoGBZUrq7LuQEPO4ox55Q642
DZctKeoARY3qsMByR1OujE07LxH+z4OfmPt1RAXdlP+AP3PjpG9KtdXH5NCIjcT2vlwvfUkFOWMboxO8MwaS8ZHTCfTNkKr9LXBIkV0gFaqRT7zyMBSf+geEczuvOoGBZUrq7LuQEPO4ox55Q642
oxPF16HDm2qp0R80EMdrC0o7LxH+z4OfmPt1RAXdlP+AP3PjpG9KtdXH5NCIjcT2vlwvfUkFOWMboxO8MwaS8ZHTCfTNkKr9LXBIkV0gFaqRT7zyMBSf+geEczuuOoGBZUrq7LuQEPO4ox55Q642
7CazrOqTdl485oytydIZe0s7LxH+z4OfmPt1RAXdlP+AP3PjpG9KtdXH5NCIjcT2vlwvfUkFOWMboxO8MwaS8ZHTCfTNkKr9LXBIkV0gFaqRT7zyMBSf+geEczuuOoGBZUrq7LuQEPO4ox55Q642
35nkk7Pm8TNPd57fwoxov20EnqYvsmIkFmdLEnfA4tJIB3+WjHn/msCQAGJ7xTTfnMIoDOgyxRdKVJsGDgNaxKgd0eM/jzdkrhM=
v/9Hh5hmkMGKCBnV4tgNYSB52xnPusrw5/v8Y1c0+diChEgtaPzTEabQvBWHOA/e1rCYQSNsBPcbyIBGbGhju+Ad7CSUlgCcgeVqYpdsNt0uZjibTVl3QRN2rgU=
/xDx+41c53qNdJY5ClBBNkp6I2jNiiqMwR3Qt8wPrxuATy6t6dfo2IyNwP6yTBNlLSUdm8eTX/R3xlY53aNVTClwDmVR4MQZ2aCRIh3fQGqUdPtC23S/c+p5RUmperaUn7D064SzEnFHrjI=
kXcqTj4RRhMOWexOyJ4LiW0EnqYvsmIkFmdLEnfA4tJIB3+WjHn/msCQAGJ7xTTfnMIoDOgyxR9IVJsGDgNaxKgd0eM/jzdkrhM=
QOzKwnczNjObI6pSwImXhSN52xnPusrw5/v8Y1c0+diChEgtaPzTEabQvBWHOA/e1rCYQSNsBPcbyIBGbGhju+Ad7CSUlgCcge1oYpdsNt0uZjibTVl3QRN2rgU=
JBFCNVvexb4xOyJiIZ5f120EnqYvsmIkFmdLEnfA4tJIB3+WjHn/msCQAGJ7xTTfnMIoDOgyxRtIVJsGDgNaxKgd0eM/jzdkrhM=
aWzGNkGYFjx7qsWUzpykIyB52xnPusrw5/v8Y1c0+diChEgtaPzTEabQvBWHOA/e1rCYQSNsBPcbyIBGbGhju+Ad7CSUlgCcgeloYpdsNt0uZjibTVl3QRN2rgU=
JBFCNVvexb4xOyJiIZ5f120EnqYvsmIkFmdLEnfA4tJIB3+WjHn/msCQAGJ7xTTfnMIoDOgyxRtIVJsGDgNaxKgd0eM/jzdkrhM=
aWzGNkGYFjx7qsWUzpykIyB52xnPusrw5/v8Y1c0+diChEgtaPzTEabQvBWHOA/e1rCYQSNsBPcbyIBGbGhju+Ad7CSUlgCcgeloYpdsNt0uZjibTVl3QRN2rgU=
ONzOFBVRvoTURxyPzCYzYlSmdOxHYiD2pCFDyIaNc+C6Nl930i6+ZLHmSTydZ6ffzx+KcuQwFeDe79YbkCVtrhg=
OUzNhsOWBHPlCbkRzfYKgBkg1ohvMgffWlSluprblPNCbBzL+OkHOOIV/2A2rrsHFmZiRI3uTSz5n+sfg6cu4mC46YACpxIrtD1hrhQ=
hECay1JTVa0P3cd8fStm3SN52xnPusrw5/v8Y1c0+diChEgtaPzTEabQvBWHOA/e1rCYQSNsBPcbyIBHbGhju+Ad7CSUlgCcgexvYpVtNt0uZjibTVl3QRN2rgU=
4ksX9XZyyUvLS0yZfYxLKG0EnqYvsmIkFmdLEnfA4tJIB3+WjHn/msCRAGJ7xTTfnMIoDOgyxRxPVJkHDgNaxKgd0eM/jzdkrhM=
oRiceY97lihELWJNDkmyLSB52xnPusrw5/v8Y1c0+diChEgtaPzTEabQvBWHOA/e1rCYQSNsBPcbyIBHbGhju+Ad7CSUlgCcge5vYpVtNt0uZjibTVl3QRN2rgU=
Qf0XdD134dWBazf1f++CJW0EnqYvsmIkFmdLEnfA4tJIB3+WjHn/msCRAGJ7xTTfnMIoDOgyxRdPVJkHDgNaxKgd0eM/jzdkrhM=
T/oaadF4dCCT7AmF9HB9Did52xnPusrw5/v8Y1c0+diChEgtaPzTEabQvBWHOA/e1rCYQSNsBPcbyIBHbGhju+Ad7CSUlgCcgeVvYpVtNt0uZjibTVl3QRN2rgU=
BTD2huDDPrzHdG+dUyBYMm0EnqYvsmIkFmdLEnfA4tJIB3+WjHn/msCRAGJ7xTTfnMIoDOgyxRlKVJgHDgNaxKgd0eM/jzdkrhM=
6pfnLPb/XG10tlzC+k9epylcxq1u/T1iXGNLEnfA4tJIB3+WjHn/msCRAGJ7xTTfnMIoDOgyxR5OVJgHDgNaxKgd0eM/jzdkrhM=
X4vHb3XrbCONwXNYajkxtAyBvYRBMiXRgj4ercZIKV1fHH/C3sS4bVuo1IuzXADL9AzTZ6gpDEiskhCgabwurszJxkGmkpg3tR0nvTtirgk=
+4uiAuD7Wa6pSmgwpef5VUo/8Yw3GrL8Xdk2eT0jNYwJcC6l8WAk2bmgcGJ9X+AqtHTbAjv037MNe2WJCPoWVP+wFKvkM7IxZ64S
pdszXiVlyGFZmUimknilLBkg1ohvMgffWlSluprblPNCbBzL+OkHOOIV/2A2rrsHFmZiRI3uTSz5n+sbg6Uu4mC46YACpxIrtD1hrhQ=
oYIAaGhZfho8++6Qyo9kbx5hpYx6UrDrEYwyeT0jNYwJcC6l8WAk2bmgcGJ9X+AqtHTbAjv037MLe2WJCPoWVP+wFKvkM7IxZ64S
GVV9DNhJB+SwMaA19gBFuzA3IjEJ0/GPQTou1JiffnxWY5JyyTtzDgfc2s6oW0dK/KVHBkANuL4LGQyDfN4QEJgu/USLCCObfp/iWEhBaT9PUw94rg8=
NITWxPjBpOJFVmhEDAuREgmomFlmQtX9tnsWSIYXWraJ/7t612iyKgg/r/5sUc+CwIkwSput5OfcOnikSFo1jsvM6++uq4q8aCWBC1+nB3yuCw==
Hgn3lP83r0IVIJptJ9n+xVSmdOxHYiD2pCFDyIaNc+C7Nl930i6+ZLHmSTydZ6Dazx2KcuQwFeDe79YbkCVtrhg=
/nr5dp85lyABJTfqjQnTGBkg1ohvMgffWlSluprblPNCbBzL+OkHOOIV/2A3rrsHFmZiRI3uTSz5n+wag6Uu4mC46YACpxIrtD1hrhQ=
RLkwnEbb/xewvQNu35WLYh5hpYx6UrDrEYwyeT0jNYwJcC6l8WAk2bmgcGJ9X+AqtHTbAjv037MOeGWJCPoWVP+wFKvkM7IxZ64S
8XCZ6BN3nkKFMD1crE1DGYjhcUkQt7KNfRQdwKSwKWKswEM5aEXjW+swl4CwGW8Y+mXnYC5eoyf+FqqExT7ljAEPUJj7NZaCiOihQEqXOkusDXmuDA==
5MQtyzAV0iavDVSpauAgkVSmdOxHYiD2pCFDyIaNc+C5Nl930i6+ZLHmSTydZ6fezx2KcuQwFeDe79YbkCVtrhg=
W2QfNLaZsOK53gTxF+XLGxkg1ohvMgffWlSluprblPNCbBzL+OkHOOIV/2A1rrsHFmZiRI3uTSz5n+seg6Uu4mC46YACpxIrtD1hrhQ=
iU2Oyf/yI41Iud9HNXkU1B5hpYx6UrDrEYwyeT0jNYwJcC6l8WAk2bmgc2J9X+AqtHTbAjv037MIfmWJCPoWVP+wFKvkM7IxZ64S
kNXFFesJ2ESp/2peEm9u84jhcUkQt7KNfRQdwKSwKWKswEM5aEXjW+swl4CwGW8Y+mXnYC1eoyf+FqqExT7ljAEPVp77NZaCiOihQEqXOkusDXmuDA==
nOKilP1MGsLCbCD1H7LcIgyBvYRBMiXRgj4ercZIKV1fHH/C3sS4bVuo1IuzXADI9AzTZ6gpDEiskhCgabkrrs7JxkGmkpg3tR0nvTtirgk=
2s1S/iwOWbkbaQ5La3d08ojhckkQt7KNfRQdwKSwKWKswEM5aEXjW+swl4CwGW8Y+mXnYC1eoyf+FqqExT7ljAEPUpv7NJaCiOihQEqXOkusDXmuDA==
HAFEzFDlhVr+Ts+PIlG4GFSmdOxHYiD2pCFDyIaNc+C4Nl930i6+ZLHmSTydZ6HbzxyKcuQwFeDe79YbkCVtrhg=
quPqCriNQng+TByWjOJgDBkg1ohvMgffWlSluprblPNCbBzL+OkHOOIV/2A0rrsHFmZiRI3uTSz5n+0bg6Qu4mC46YACpxIrtD1hrhQ=
ONpGfTHp9+/fMPgqhSZD3B5hpYx6UrDrEYwyeT0jNYwJcC6l8WAk2bmgcmJ9X+AqtHTbAjv037MNeGWICPoWVP+wFKvkM7IxZ64S
L9bGVDP9TiP1oMNU5pNyrIjhcUkQt7KNfRQdwKSwKWKswEM5aEXjW+swl4CwGW8Y+mXnYCxeoyf+FqqExT7ljAEPU5j7NJaCiOihQEqXOkusDXmuDA==
NvfSAd3x5dEqJByPQ9XBPgyBvYRBMiXRgj4ercZIKV1fHH/C3sS4bVuo1IuzXADJ9AzTZ6gpDEiskhCgab4ors7JxkGmkpg3tR0nvTtirgk=
vDqEoECZ70kHoAybDM9/cojhckkQt7KNfRQdwKSwKWKswEM5aEXjW+swl4CwGW8Y+mXnYCxeoyf+FqqExT7ljAEPVZj7NJaCiOihQEqXOkusDXmuDA==
FN5YvBrl8qjN2rvFhqFVEyR52xnPusrw5/v8Y1c0+diChEgtaPzTEabQvBWHOA/e1rCYQSNsBPcbyIBGbGhju+Ad7CSUlgCcgeluYpZtNt0uZjibTVl3QRN2rgU=
OFaksCcAuBtZRlW+1XfecW0EnqYvsmIkFmdLEnfA4tJIB3+WjHn/msCQAGJ7xTTfnMIoDOgyxRtOVJoHDgNaxKgd0eM/jzdkrhM=
Lco+ezSs1XZq8EJuYKuwWSd52xnPusrw5/v8Y1c0+diChEgtaPzTEabQvBWHOA/e1rCYQSNsBPcbyIBGbGhju+Ad7CSUlgCcgeluYpZtNt0uZjibTVl3QRN2rgU=
OFaksCcAuBtZRlW+1XfecW0EnqYvsmIkFmdLEnfA4tJIB3+WjHn/msCQAGJ7xTTfnMIoDOgyxRtOVJoHDgNaxKgd0eM/jzdkrhM=
Lco+ezSs1XZq8EJuYKuwWSd52xnPusrw5/v8Y1c0+diChEgtaPzTEabQvBWHOA/e1rCYQSNsBPcbyIBGbGhju+Ad7CSUlgCcgeluYpZtNt0uZjibTVl3QRN2rgU=
XY7Jlzw2IbrBe51KJ+rmx20EnqYvsmIkFmdLEnfA4tJIB3+WjHn/msCQAGJ7xTTfnMIoDOgyxRhOVJoHDgNaxKgd0eM/jzdkrhM=
KSPVrafj5ChYFkIhoTbx9Cd52xnPusrw5/v8Y1c0+diChEgtaPzTEabQvBWHOA/e1rCYQSNsBPcbyIBGbGhju+Ad7CSUlgCcgepuYpZtNt0uZjibTVl3QRN2rgU=
XY7Jlzw2IbrBe51KJ+rmx20EnqYvsmIkFmdLEnfA4tJIB3+WjHn/msCQAGJ7xTTfnMIoDOgyxRhOVJoHDgNaxKgd0eM/jzdkrhM=
KSPVrafj5ChYFkIhoTbx9Cd52xnPusrw5/v8Y1c0+diChEgtaPzTEabQvBWHOA/e1rCYQSNsBPcbyIBGbGhju+Ad7CSUlgCcgepuYpZtNt0uZjibTVl3QRN2rgU=
BglpGVqgK2HvyP8lWy0hJG0EnqYvsmIkFmdLEnfA4tJIB3+WjHn/msCQAGJ7xTTfnMIoDOgyxRZOVJoHDgNaxKgd0eM/jzdkrhM=
/6UgsN7hOXWl/4O9B13/2iR52xnPusrw5/v8Y1c0+diChEgtaPzTEabQvBWHOA/e1rCYQSNsBPcbyIBGbGhju+Ad7CSUlgCcgeRuYpZtNt0uZjibTVl3QRN2rgU=
8F1RDVub9vxJmvm53vVquG0EnqYvsmIkFmdLEnfA4tJIB3+WjHn/msCQAGJ7xTTfnMIoDOgyxR9LVJ0HDgNaxKgd0eM/jzdkrhM=
Dw0TgVbuejNUIhFhn2qUqyR52xnPusrw5/v8Y1c0+diChEgtaPzTEabQvBWHOA/e1rCYQSNsBPcbyIBGbGhju+Ad7CSUlgCcge1rYpFtNt0uZjibTVl3QRN2rgU=
mPx9G2azecDYu2/2A8k1g20EnqYvsmIkFmdLEnfA4tJIB3+WjHn/msCQAGJ7xTTfnMIoDOgyxR1KVJ0HDgNaxKgd0eM/jzdkrhM=
U6JqwYh8KkxRHMOLXBX+dyV52xnPusrw5/v8Y1c0+diChEgtaPzTEabQvBWHOA/e1rCYQSNsBPcbyIBGbGhju+Ad7CSUlgCcge9qYpFtNt0uZjibTVl3QRN2rgU=
RVZh8c4TJmUzsRboR/vrKG0EnqYvsmIkFmdLEnfA4tJIB3+WjHn/msCQAGJ7xTTfnMIoDOgyxRpKVJ0HDgNaxKgd0eM/jzdkrhM=
r0HFJUw8xpT5apY5Do6T4iV52xnPusrw5/v8Y1c0+diChEgtaPzTEabQvBWHOA/e1rCYQSNsBPcbyIBGbGhju+Ad7CSUlgCcgehqYpFtNt0uZjibTVl3QRN2rgU=
mR75xc7oHpTANG8QehafsvTNpx7t3DMpoZTwHmIMQ8W9pW07N1Mv1GfGRlntY+UsmfCeBQEgFDmpoGECTZ+QigT0S6JrNI+T+HpVb1g6xjRvMGRLVHNCEXeuAg==
5K5hFThLJNhqxUDT8y0Wl2Uljg7JtZjw6+DUN1An0IiPhF0ibeqHXOaW9hGHOA/e1rCYQSNsBPcbyIBGbGhju+Ad7CSUlgCcgexpYpFtNt0uZjibTVl3QRN2rgU=
94j+EJ6RHRptduIt+Hl8P/TNpx7t3DMpoZTwHmIMQ8W9pW07N1Mv1GfGRlntY+UsmfCeBQEgFDmpoGECTZ+QigT0S6JrNI+T+HlVb1g6xjRvMGRLVHNCEXeuAg==
cjD5ve7TXq2gZi/RDMt3J19Cv1UnWiXHhyDy1i0lrfdrzj1ftwP/moshFktNhbT5mOKzgk1AOSR/5moAVsPDRifUypbog9fCnG23PkA0SHZrkZxbPIYAGLhmTbIJcJVTXpfygIgZ+bevG39Arjc=
MlCs6exYVL+k2z62Jwx38uPj94iRmf+KXjDNh8mZw1TByQdxayQTq5rNzQcwdxBYL/Td0s26x4wGpvYhZ+hPjnZAGDGDvMSne/iAdgw4o2tAbWzUNMZATGHcaFJxvXaNjpa46+2JtxFzRq41
INg8AVL9bL4hRFjCi8U1R19CvFUnWiXHhyDy1i0lrfdrzj1ftwP/moshFktNhbT5mOKzgk1AOSR/5moAVsPDRifUypbog9fCnG23PkA0SHZrkZxbPIYAGLhmTboIcJVTXpfygIgZ+bevG39Arjc=
CMcYVqIGllNIoA9UxKSYRUp6I2jNiiqMwR3Qt8wPrxuATy6t6dfo2IyNwP6yTBNlLSUdm8eTX/R3xlY53aNVTClwDmVR4MQZ2aCRIh3fQGqUdPtC23S/c+h4RU+oeraUn7D064SzEnFHrjI=
8IoqEr8zUhCyEWf8NTVAdkw7LxH+z4OfmPt1RAXdlP+AP3PjpG9KtdXH5NCIjcT2vlwvfUkFOWMboxO8MwaS8ZHTCfTNkKr9LXBIkV0gFaqRT7zyMBSf+geEczuvOIGHZErq7LuQEPO4ox55Q642
9lMrnsFefvPKpize/69IN007LxH+z4OfmPt1RAXdlP+AP3PjpG9KtdXH5NCIjcT2vlwvfUkFOWMboxO8MwaS8ZHTCfTNkKr9LXBIkV0gFaqRT7zyMBSf+geEczuuOIGHZErq7LuQEPO4ox55Q642
110meJ1XZ8fE0ouDdd247Uo7LxH+z4OfmPt1RAXdlP+AP3PjpG9KtdXH5NCIjcT2vlwvfUkFOWMboxO8MwaS8ZHTCfTNkKr9LXBIkV0gFaqRT7zyMBSf+geEczuuOIGHZErq7LuQEPO4ox55Q642
4gambIxZEmZVAfF5QuJCGUs7LxH+z4OfmPt1RAXdlP+AP3PjpG9KtdXH5NCIjcT2vlwvfUkFOWMboxO8MwaS8ZHTCfTNkKr9LXBIkV0gFaqRT7zyMBSf+geEczuhOIGHZErq7LuQEPO4ox55Q642
fNLb1m+5nuYa2BqiFVIS0W0EnqYvsmIkFmdLEnfA4tJIB3+WjHn/msCQAGJ7xTTfnMIoDOgyxR1LVJwHDgNaxKgd0eM/jzdkrhM=
0ndUJPa0Lt8YtTHkAnIa0yd52xnPusrw5/v8Y1c0+diChEgtaPzTEabQvBWHOA/e1rCYQSNsBPcbyIBGbGhju+Ad7CSUlgCcge9rYpBtNt0uZjibTVl3QRN2rgU=
xO9P1KVe/iThV10tYbxJ0/TNpx7t3DMpoZTwHmIMQ8W9pW07N1Mv1GfGRlntY+UsmfCeBQEgFDmpoGECTZ+QigT0S6JrNI+T+XpVblg6xjRvMGRLVHNCEXeuAg==
FT6TMh+RkAvndPG0BXFelOPj94iRmf+KXjDNh8mZw1TByQdxayQTq5rNzQcwdxBYL/Td0s26x4wGpvYhZ+hPjnZAGDGDvMSne/iAdgw4o2tAbWzUNMZATGHUalJwvXaNjpa46+2JtxFzRq41
N3kOcu/zP9AVgqEftx/IuF9CvFUnWiXHhyDy1i0lrfdrzj1ftwP/moshFktNhbT5mOKzgk1AOSR/5moAVsPDRifUypbog9fCnG23PkA0SHZrkZxbPIYAGLhmTbMKcJRTXpfygIgZ+bevG39Arjc=
Cx4JLQjNqxCwGdWOp+tmGUw7LxH+z4OfmPt1RAXdlP+AP3PjpG9KtdXH5NCIjcT2vlwvfUkFOWMboxO8MwaS8ZHTCfTNkKr9LXBIkV0gFaqRT7zyMBSf+geEczupOYGGZErq7LuQEPO4ox55Q642
2zR90+Xw9fNZk2/ZzdU8qU07LxH+z4OfmPt1RAXdlP+AP3PjpG9KtdXH5NCIjcT2vlwvfUkFOWMboxO8MwaS8ZHTCfTNkKr9LXBIkV0gFaqRT7zyMBSf+geEczupOYGGZErq7LuQEPO4ox55Q642
uWBF7cjLnEKpzW0NqZchqUo7LxH+z4OfmPt1RAXdlP+AP3PjpG9KtdXH5NCIjcT2vlwvfUkFOWMboxO8MwaS8ZHTCfTNkKr9LXBIkV0gFaqRT7zyMBSf+geEczuoOYGGZErq7LuQEPO4ox55Q642
qwuLifqzP5nXk5I4Swt7pEs7LxH+z4OfmPt1RAXdlP+AP3PjpG9KtdXH5NCIjcT2vlwvfUkFOWMboxO8MwaS8ZHTCfTNkKr9LXBIkV0gFaqRT7zyMBSf+geEczuoOYGGZErq7LuQEPO4ox55Q642
Y0GtetntJ7ixiR1X6760K20EnqYvsmIkFmdLEnfA4tJIB3+WjHn/msCQAGJ7xTTfnMIoDOgyxRtJVJwHDgNaxKgd0eM/jzdkrhM=
e99UdCazW9+8OowLlP899SR52xnPusrw5/v8Y1c0+diChEgtaPzTEabQvBWHOA/e1rCYQSNsBPcbyIBGbGhju+Ad7CSUlgCcgelpYpBtNt0uZjibTVl3QRN2rgU=
RvBDCG/9yJe+a4/XpdMvrvTNpx7t3DMpoZTwHmIMQ8W9pW07N1Mv1GfGRlntY+UsmfCeBQEgFDmpoGECTZ+QigT0S6JrNI+T/HhVblg6xjRvMGRLVHNCEXeuAg==
1qqMj0nuBih3gTAF/DfXQ+Pj94iRmf+KXjDNh8mZw1TByQdxayQTq5rNzQcwdxBYL/Td0s26x4wGpvYhZ+hPjnZAGDGDvMSne/iAdgw4o2tAbWzUNMZATGHYaFJwvXaNjpa46+2JtxFzRq41
NvmadnhrG5ctIiPxQl3n8F9Cv1UnWiXHhyDy1i0lrfdrzj1ftwP/moshFktNhbT5mOKzgk1AOSR/5moAVsPDRifUypbog9fCnG23PkA0SHZrkZxbPIYAGLhmTb8IcJRTXpfygIgZ+bevG39Arjc=
yi/955NwUABvW7B2QG2Ms0p6IGjNiiqMwR3Qt8wPrxuATy6t6dfo2IyNwP6yTBNlLSUdm8eTX/R3xlY53aNVTClwDmVR4MQZ2aCRIh3fQGqUdPtC23S/c+t4RU6oeraUn7D064SzEnFHrjI=
MKYI+d4Ob5gi8VjYnzl/wF9CvFUnWiXHhyDy1i0lrfdrzj1ftwP/moshFktNhbT5mOKzgk1AOSR/5moAVsPDRifUypbog9fCnG23PkA0SHZrkZxbPIYAGLhmTb0IcJRTXpfygIgZ+bevG39Arjc=
jL9Ai2BdVBmR7e0UNt7n1007LxH+z4OfmPt1RAXdlP+AP3PjpG9KtdXH5NCIjcT2vlwvfUkFOWMboxO8MwaS8ZHTCfTNkKr9LXBIkV0gFaqRT7zyMBSf+geEczugOIGGZErq7LuQEPO4ox55Q642
XWwmmzt5wXysWN5aXxi5g0w7LxH+z4OfmPt1RAXdlP+AP3PjpG9KtdXH5NCIjcT2vlwvfUkFOWMboxO8MwaS8ZHTCfTNkKr9LXBIkV0gFaqRT7zyMBSf+geEczugOIGGZErq7LuQEPO4ox55Q642
a0lW3PqH5J+oNujOhTocAEo7LxH+z4OfmPt1RAXdlP+AP3PjpG9KtdXH5NCIjcT2vlwvfUkFOWMboxO8MwaS8ZHTCfTNkKr9LXBIkV0gFaqRT7zyMBSf+geEczuoP4GGZErq7LuQEPO4ox55Q642
QadCpgZABX8QjYUR0lijs0s7LxH+z4OfmPt1RAXdlP+AP3PjpG9KtdXH5NCIjcT2vlwvfUkFOWMboxO8MwaS8ZHTCfTNkKr9LXBIkV0gFaqRT7zyMBSf+geEczurP4GGZErq7LuQEPO4ox55Q642
epgP0sYnN3EbwBvhqbV+F20EnqYvsmIkFmdLEnfA4tJIB3+WjHn/msCQAGJ7xTTfnMIoDOgyxR5LVJ8HDgNaxKgd0eM/jzdkrhM=
y9sU7UGlK5rQJsFx9ZBkFiJ52xnPusrw5/v8Y1c0+diChEgtaPzTEabQvBWHOA/e1rCYQSNsBPcbyIBGbGhju+Ad7CSUlgCcgexrYpNtNt0uZjibTVl3QRN2rgU=
Vl0puGn3+KWC4wUrKCM3ffTNpx7t3DMpoZTwHmIMQ8W9pW07N1Mv1GfGRlntY+UsmfCeBQEgFDmpoGECTZ+QigT0S6JrNI+T/3tVbVg6xjRvMGRLVHNCEXeuAg==
V9oUAQAQ322ObqN+YP4vXuPj94iRmf+KXjDNh8mZw1TByQdxayQTq5rNzQcwdxBYL/Td0s26x4wGpvYhZ+hPjnZAGDGDvMSne/iAdgw4o2tAbWzUNMZATGHZa1JzvXaNjpa46+2JtxFzRq41
2PWIB/wO94zq2h7lEaakXV9CvFUnWiXHhyDy1i0lrfdrzj1ftwP/moshFktNhbT5mOKzgk1AOSR/5moAVsPDRifUypbog9fCnG23PkA0SHZrkZxbPIYAGLhmTbwLcJdTXpfygIgZ+bevG39Arjc=
5Wi+Jwx2fVvw5HiIH+m01Uw7LxH+z4OfmPt1RAXdlP+AP3PjpG9KtdXH5NCIjcT2vlwvfUkFOWMboxO8MwaS8ZHTCfTNkKr9LXBIkV0gFaqRT7zyMBSf+geEczuhO4GFZErq7LuQEPO4ox55Q642
nppIalcHLCp1OIlFbfV2Rk07LxH+z4OfmPt1RAXdlP+AP3PjpG9KtdXH5NCIjcT2vlwvfUkFOWMboxO8MwaS8ZHTCfTNkKr9LXBIkV0gFaqRT7zyMBSf+geEczuhO4GFZErq7LuQEPO4ox55Q642
yD34rOCBj4s1ZSO3aK0++ko7LxH+z4OfmPt1RAXdlP+AP3PjpG9KtdXH5NCIjcT2vlwvfUkFOWMboxO8MwaS8ZHTCfTNkKr9LXBIkV0gFaqRT7zyMBSf+geEczugO4GFZErq7LuQEPO4ox55Q642
VdB1MrX10U2nfSIVctSBLObzos/ekP6ZXjDNh8mZw1TByQdxayQTq5rNzQcwdxBYL/Td0s26x4wGpvYhZ+hPjnZAGDGDvMSne/iAdgw4o2tAbWzUNMZATGHcalJzvXaNjpa46+2JtxFzRq41
W5fYjvGlJkyH/esBx/HN6Eo7LxH+z4OfmPt1RAXdlP+AP3PjpG9KtdXH5NCIjcT2vlwvfUkFOWMboxO8MwaS8ZHTCfTNkKr9LXBIkV0gFaqRT7zyMBSf+geEczupOoGFZErq7LuQEPO4ox55Q642
2A3OIUicAGTSd1hmElsJR0s7LxH+z4OfmPt1RAXdlP+AP3PjpG9KtdXH5NCIjcT2vlwvfUkFOWMboxO8MwaS8ZHTCfTNkKr9LXBIkV0gFaqRT7zyMBSf+geEczuoOoGFZErq7LuQEPO4ox55Q642
fITFt59FV313xZs0Q3jwzm0EnqYvsmIkFmdLEnfA4tJIB3+WjHn/msCQAGJ7xTTfnMIoDOgyxRhIVJ8HDgNaxKgd0eM/jzdkrhM=
dKWfXIgQxpnurhA4OYkYFyN52xnPusrw5/v8Y1c0+diChEgtaPzTEabQvBWHOA/e1rCYQSNsBPcbyIBGbGhju+Ad7CSUlgCcgepoYpNtNt0uZjibTVl3QRN2rgU=
o6H/ozI5WkdQA6FhApVD7mUljg7JtZjw6+DUN1An0IiPhF0ibeqHXOaW9hGHOA/e1rCYQSNsBPcbyIBGbGhju+Ad7CSUlgCcgetoYpNtNt0uZjibTVl3QRN2rgU=
m8bMLJJIhFmC8lypqbtoZW0EnqYvsmIkFmdLEnfA4tJIB3+WjHn/msCQAGJ7xTTfnMIoDOgyxRhPVJ8HDgNaxKgd0eM/jzdkrhM=
rQ7YoA6YY3m71TN5vEPrKiB52xnPusrw5/v8Y1c0+diChEgtaPzTEabQvBWHOA/e1rCYQSNsBPcbyIBGbGhju+Ad7CSUlgCcgepvYpNtNt0uZjibTVl3QRN2rgU=
JcDkl78eJn0h5CI9wvQwrmUljg7JtZjw6+DUN1An0IiPhF0ibeqHXOaW9hGHOA/e1rCYQSNsBPcbyIBGbGhju+Ad7CSUlgCcgeVvYpNtNt0uZjibTVl3QRN2rgU=
PeXxzgmO+KIa+Up8PA2mn1ct5a1QU6cHkrPb/OTo2AsoEyCk56C9fjU+VxCuUjZtP8y/sn5UON27+JR7k0wA+pTcExcIuYz4TMJQUEmoLp6rGQYxBgIYh1VNZ00bcq45
26uMqHyMccdhdNb2KWwy1Eo/8Yw3GrL8Xdk2eT0jNYwJcC6l8WAk2bmgcGJ9X+AqtHTbAjv037MMe2WMCPoWVP+wFKvkM7IxZ64S
aek8CW+zlyFSqeoTXsDHfhkg1ohvMgffWlSluprblPNCbBzL+OkHOOIV/2A2rrsHFmZiRI3uTSz5n+obg6Au4mC46YACpxIrtD1hrhQ=
xdjRqChDLdTw+oMJCS2RtyN52xnPusrw5/v8Y1c0+diChEgtaPzTEabQvBWHOA/e1rCYQSNsBPcbyIBHbGhju+Ad7CSUlgCcge1rYpJtNt0uZjibTVl3QRN2rgU=
R0OWI1J5Pqf08FCVqRMJilct5a1QU6cHkrPb/OTo2AsoEyCk56C9fjU+VxCuUjZtP8y/sn5UON27+JR7k0wA+5TcExcIuYz4TMJQUEmvK56qGQYxBgIYh1VNZ00bcq45
Teg6ugEBE3lQ1OJnzUhpxG0EnqYvsmIkFmdLEnfA4tJIB3+WjHn/msCRAGJ7xTTfnMIoDOgyxRdLVJ4HDgNaxKgd0eM/jzdkrhM=
i+mZyXJRGdw8VXcak9XEVCB52xnPusrw5/v8Y1c0+diChEgtaPzTEabQvBWHOA/e1rCYQSNsBPcbyIBHbGhju+Ad7CSUlgCcgeVrYpJtNt0uZjibTVl3QRN2rgU=
Hduryqz06Y59HEXnAxuCx20EnqYvsmIkFmdLEnfA4tJIB3+WjHn/msCRAGJ7xTTfnMIoDOgyxRxKVJ4HDgNaxKgd0eM/jzdkrhM=
j9G6TbcI/lpTT/3Gu93PmSN52xnPusrw5/v8Y1c0+diChEgtaPzTEabQvBWHOA/e1rCYQSNsBPcbyIBHbGhju+Ad7CSUlgCcge5qYpJtNt0uZjibTVl3QRN2rgU=
7IFWn/74GC6LbLsGZYIUiW0EnqYvsmIkFmdLEnfA4tJIB3+WjHn/msCRAGJ7xTTfnMIoDOgyxR1KVJ4HDgNaxKgd0eM/jzdkrhM=
rmBbL6YfjV1/PlPCiTGhLSB52xnPusrw5/v8Y1c0+diChEgtaPzTEabQvBWHOA/e1rCYQSNsBPcbyIBHbGhju+Ad7CSUlgCcge9qYpJtNt0uZjibTVl3QRN2rgU=
KjpmUk+uyagBbM920+DO80o/8Yw3GrL8Xdk2eT0jNYwJcC6l8WAk2bmgc2J9X+AqtHTbAjv037MNfmWMCPoWVP+wFKvkM7IxZ64S
r2FGz21AL6pR/faY9nAJNhkg1ohvMgffWlSluprblPNCbBzL+OkHOOIV/2A1rrsHFmZiRI3uTSz5n+seg6Au4mC46YACpxIrtD1hrhQ=
g9D/NsBRbap9BZ3TQCV9YCN52xnPusrw5/v8Y1c0+diChEgtaPzTEabQvBWHOA/e1rCYQSNsBPcbyIBEbGhju+Ad7CSUlgCcgexuYpJtNt0uZjibTVl3QRN2rgU=
uoY2j6Pwl7VTtejhl/6YYlct5a1QU6cHkrPb/OTo2AsoEyCk56C9fjU+VxCuUjZtP8y/sn5UON27+JR7k0wA+JTcExcIuYz4TMJQUEmsK56lGQYxBgIYh1VNZ00bcq45
7E1TJqrwGr8OQfmD0suuWm0EnqYvsmIkFmdLEnfA4tJIB3+WjHn/msCSAGJ7xTTfnMIoDOgyxRhLVJEHDgNaxKgd0eM/jzdkrhM=
03fof0plMBiDDSwjZN2XtiB52xnPusrw5/v8Y1c0+diChEgtaPzTEabQvBWHOA/e1rCYQSNsBPcbyIBEbGhju+Ad7CSUlgCcgeprYp1tNt0uZjibTVl3QRN2rgU=
BuRo29u068YtR2bTenkDhVct5q1QU6cHkrPb/OTo2AsoEyCk56C9fjU+VxCuUjZtP8y/sn5UON27+JR7k0wA+JTcExcIuYz4TMJQUEmgK56lGQYxBgIYh1VNZ00bcq45
mZV4HWbad+kIltDFP+E/X1ct5a1QU6cHkrPb/OTo2AsoEyCk56C9fjU+VxCuUjZtP8y/sn5UON27+JR7k0wA+JTcExcIuYz4TMJQUEmgK56lGQYxBgIYh1VNZ00bcq45
Rs0qJKoyUCorzOsTAGhdVFct5q1QU6cHkrPb/OTo2AsoEyCk56C9fjU+VxCuUjZtP8y/sn5UON27+JR7k0wA+JTcExcIuYz4TMJQUEmqKp6lGQYxBgIYh1VNZ00bcq45
2xB9cVbhuxCAwKNeUaxX60o/8Yw3GrL8Xdk2eT0jNYwJcC6l8WAk2bmgcmJ9X+AqtHTbAjv037MNeWWDCPoWVP+wFKvkM7IxZ64S
Z/cCIGyQNfZmWq8QbZnL8hkg1ohvMgffWlSluprblPNCbBzL+OkHOOIV/2A0rrsHFmZiRI3uTSz5n+sZg68u4mC46YACpxIrtD1hrhQ=
Y3QvkmQU6h8r2XDSOlc3KCN52xnPusrw5/v8Y1c0+diChEgtaPzTEabQvBWHOA/e1rCYQSNsBPcbyIBFbGhju+Ad7CSUlgCcgexpYp1tNt0uZjibTVl3QRN2rgU=
W0ktPlEBBDh8EsmaaSfNNlct5q1QU6cHkrPb/OTo2AsoEyCk56C9fjU+VxCuUjZtP8y/sn5UON27+JR7k0wA+ZTcExcIuYz4TMJQUEmtKZ6lGQYxBgIYh1VNZ00bcq45
3/gotIuLc/OG0TQ5JpHdz20EnqYvsmIkFmdLEnfA4tJIB3+WjHn/msCTAGJ7xTTfnMIoDOgyxRlJVJEHDgNaxKgd0eM/jzdkrhM=
j1jSsjXAHFKIAdoC4x9RyCB52xnPusrw5/v8Y1c0+diChEgtaPzTEabQvBWHOA/e1rCYQSNsBPcbyIBFbGhju+Ad7CSUlgCcgetpYp1tNt0uZjibTVl3QRN2rgU=
l/Uc9VVBF4fm0g85LZDsyW0EnqYvsmIkFmdLEnfA4tJIB3+WjHn/msCTAGJ7xTTfnMIoDOgyxRZJVJEHDgNaxKgd0eM/jzdkrhM=
r1ZlQvOtJRZvCNOlLX3LbyB52xnPusrw5/v8Y1c0+diChEgtaPzTEabQvBWHOA/e1rCYQSNsBPcbyIBFbGhju+Ad7CSUlgCcgeRpYp1tNt0uZjibTVl3QRN2rgU=
PoJ30p/vqvR2GFiJpF8Nhlct5q1QU6cHkrPb/OTo2AsoEyCk56C9fjU+VxCuUjZtP8y/sn5UON27+JR7k0wA+ZTcExcIuYz4TMJQUEmoKJ6lGQYxBgIYh1VNZ00bcq45
8mRvfr16PITjpyqLbkdLTFSmdOxHYiD2pCFDyIaNc+C4Nl930i6+ZLHmSTydZ6bfzx2JcuQwFeDe79YbkCVtrhg=
iggal9K+d5GFGSRXhwr2RRkg1ohvMgffWlSluprblPNCbBzL+OkHOOIV/2A0rrsHFmZiRI3uTSz5n+ofg6Ut4mC46YACpxIrtD1hrhQ=
3uKErO7eveNXFyGhKQN9ZiN52xnPusrw5/v8Y1c0+diChEgtaPzTEabQvBWHOA/e1rCYQSNsBPcbyIBFbGhju+Ad7CSUlgCcge1vYpduNt0uZjibTVl3QRN2rgU=
N2kS/pXi2DmLkBeItl+v4W0EnqYvsmIkFmdLEnfA4tJIB3+WjHn/msCTAGJ7xTTfnMIoDOgyxRxPVJsEDgNaxKgd0eM/jzdkrhM=
zWIIlltEAcRrW95FG7/jOSB52xnPusrw5/v8Y1c0+diChEgtaPzTEabQvBWHOA/e1rCYQSNsBPcbyIBFbGhju+Ad7CSUlgCcge5vYpduNt0uZjibTVl3QRN2rgU=
3sAd7d679rRACp8uVPdT5G0EnqYvsmIkFmdLEnfA4tJIB3+WjHn/msCTAGJ7xTTfnMIoDOgyxR1PVJsEDgNaxKgd0eM/jzdkrhM=
0u1psGLLYaVZ7rdub6AvkCB52xnPusrw5/v8Y1c0+diChEgtaPzTEabQvBWHOA/e1rCYQSNsBPcbyIBFbGhju+Ad7CSUlgCcge9vYpduNt0uZjibTVl3QRN2rgU=
3sAd7d679rRACp8uVPdT5G0EnqYvsmIkFmdLEnfA4tJIB3+WjHn/msCTAGJ7xTTfnMIoDOgyxR1PVJsEDgNaxKgd0eM/jzdkrhM=
0u1psGLLYaVZ7rdub6AvkCB52xnPusrw5/v8Y1c0+diChEgtaPzTEabQvBWHOA/e1rCYQSNsBPcbyIBFbGhju+Ad7CSUlgCcge9vYpduNt0uZjibTVl3QRN2rgU=
oXN8nvQJpjIwI9Ei+LcjBVSmdOxHYiD2pCFDyIaNc+C5Nl930i6+ZLHmSTydZ6XZzxyJcuQwFeDe79YbkCVtrhg=
V+6TopTvLYt94qP57hPlIRkg1ohvMgffWlSluprblPNCbBzL+OkHOOIV/2A1rrsHFmZiRI3uTSz5n+kZg6Qt4mC46YACpxIrtD1hrhQ=
AaQ7NyDz0KaFqLeeuS50vyN52xnPusrw5/v8Y1c0+diChEgtaPzTEabQvBWHOA/e1rCYQSNsBPcbyIBEbGhju+Ad7CSUlgCcge5pYpZuNt0uZjibTVl3QRN2rgU=
Kd1VDR3Ueyw/6G2Kszf2x20EnqYvsmIkFmdLEnfA4tJIB3+WjHn/msCSAGJ7xTTfnMIoDOgyxR1JVJoEDgNaxKgd0eM/jzdkrhM=
JxA3NL1O9/3eFfz4ZNZCuCN52xnPusrw5/v8Y1c0+diChEgtaPzTEabQvBWHOA/e1rCYQSNsBPcbyIBEbGhju+Ad7CSUlgCcge9pYpZuNt0uZjibTVl3QRN2rgU=
7prGoX6KbPE+1p6xqApB420EnqYvsmIkFmdLEnfA4tJIB3+WjHn/msCSAGJ7xTTfnMIoDOgyxRdJVJoEDgNaxKgd0eM/jzdkrhM=
vJYkx/K9CKsNYUPtGhBMOSB52xnPusrw5/v8Y1c0+diChEgtaPzTEabQvBWHOA/e1rCYQSNsBPcbyIBEbGhju+Ad7CSUlgCcgeVpYpZuNt0uZjibTVl3QRN2rgU=
XP/IeLzcM0E0I0GMifNfM20EnqYvsmIkFmdLEnfA4tJIB3+WjHn/msCSAGJ7xTTfnMIoDOgyxRxOVJoEDgNaxKgd0eM/jzdkrhM=
1RKB/U4fsIxk3quy4oVorCN52xnPusrw5/v8Y1c0+diChEgtaPzTEabQvBWHOA/e1rCYQSNsBPcbyIBEbGhju+Ad7CSUlgCcge5uYpZuNt0uZjibTVl3QRN2rgU=
mWSCqbEn9OYoau7qAjgEom0EnqYvsmIkFmdLEnfA4tJIB3+WjHn/msCSAGJ7xTTfnMIoDOgyxRpOVJoEDgNaxKgd0eM/jzdkrhM=
6p8jpuDdK72kkbnKtN26uiB52xnPusrw5/v8Y1c0+diChEgtaPzTEabQvBWHOA/e1rCYQSNsBPcbyIBEbGhju+Ad7CSUlgCcgehuYpZuNt0uZjibTVl3QRN2rgU=
oSu98BeUiS8GCqT8Hw5l3lSmdOxHYiD2pCFDyIaNc+C7Nl930i6+ZLHmSTydZ6XbzxuJcuQwFeDe79YbkCVtrhg=
c+UwbUijYLmbxMk2niF/aBkg1ohvMgffWlSluprblPNCbBzL+OkHOOIV/2A3rrsHFmZiRI3uTSz5n+kbg6Mt4mC46YACpxIrtD1hrhQ=
pezUvTLiA74Vgi0LMIabniN52xnPusrw5/v8Y1c0+diChEgtaPzTEabQvBWHOA/e1rCYQSNsBPcbyIBGbGhju+Ad7CSUlgCcge5rYpFuNt0uZjibTVl3QRN2rgU=
XV/sLHIWG2KWwqOccnSY0m0EnqYvsmIkFmdLEnfA4tJIB3+WjHn/msCQAGJ7xTTfnMIoDOgyxRxLVJ0EDgNaxKgd0eM/jzdkrhM=
pezUvTLiA74Vgi0LMIabniN52xnPusrw5/v8Y1c0+diChEgtaPzTEabQvBWHOA/e1rCYQSNsBPcbyIBGbGhju+Ad7CSUlgCcge5rYpFuNt0uZjibTVl3QRN2rgU=
UOApjiGnWT+MRNhJ4isRw20EnqYvsmIkFmdLEnfA4tJIB3+WjHn/msCQAGJ7xTTfnMIoDOgyxR1LVJ0EDgNaxKgd0eM/jzdkrhM=
CQrJZnFuT0LrfiVQoHQMESN52xnPusrw5/v8Y1c0+diChEgtaPzTEabQvBWHOA/e1rCYQSNsBPcbyIBGbGhju+Ad7CSUlgCcge9rYpFuNt0uZjibTVl3QRN2rgU=
HfTeVexTca3NuNBxsX8nR20EnqYvsmIkFmdLEnfA4tJIB3+WjHn/msCQAGJ7xTTfnMIoDOgyxR5KVJ0EDgNaxKgd0eM/jzdkrhM=
Ki/QAF3iyBkFCmW1IDHFA20EnqYvsmIkFmdLEnfA4tJIB3+WjHn/msCTAGJ7xTTfnMIoDOgyxR1KVJ0EDgNaxKgd0eM/jzdkrhM=
RcBtWD2yz7bTLi2nyqBbvR5hpYx6UrDrEYwyeT0jNYwJcC6l8WAk2bmgcWJ9X+AqtHTbAjv037MFeWWPC/oWVP+wFKvkM7IxZ64S
rVZSI6Ip0l3Z2IZ89gfz7ojhcUkQt7KNfRQdwKSwKWKswEM5aEXjW+swl4CwGW8Y+mXnYC9eoyf+FqqExT7ljAEPW5n7M5WCiOihQEqXOkusDXmuDA==
/RRFLQfRYtD5JqZLIVS+uUo/8Yw3GrL8Xdk2eT0jNYwJcC6l8WAk2bmgcWJ9X+AqtHTbAjv037MNeGWPC/oWVP+wFKvkM7IxZ64S
HAIntWV/OR5kGwfw1KJ/yxkg1ohvMgffWlSluprblPNCbBzL+OkHOOIV/2A3rrsHFmZiRI3uTSz5n+sYg6Mt4mC46YACpxIrtD1hrhQ=
47OvVIniHr4twVvCcTOndCN52xnPusrw5/v8Y1c0+diChEgtaPzTEabQvBWHOA/e1rCYQSNsBPcbyIBGbGhju+Ad7CSUlgCcgexoYpFuNt0uZjibTVl3QRN2rgU=
Ob316gmvwH9jU3oAOEOttG0EnqYvsmIkFmdLEnfA4tJIB3+WjHn/msCQAGJ7xTTfnMIoDOgyxRxIVJ0EDgNaxKgd0eM/jzdkrhM=
21A16lRGG6XccCX/uIlZiSV52xnPusrw5/v8Y1c0+diChEgtaPzTEabQvBWHOA/e1rCYQSNsBPcbyIBGbGhju+Ad7CSUlgCcge5oYpFuNt0uZjibTVl3QRN2rgU=
tbdTJslT7k2dh70L59F3BG0EnqYvsmIkFmdLEnfA4tJIB3+WjHn/msCQAGJ7xTTfnMIoDOgyxRZIVJ0EDgNaxKgd0eM/jzdkrhM=
wgBDnYHabFikREs9V7W/oSd52xnPusrw5/v8Y1c0+diChEgtaPzTEabQvBWHOA/e1rCYQSNsBPcbyIBGbGhju+Ad7CSUlgCcgeRoYpFuNt0uZjibTVl3QRN2rgU=
l6UODK7xo0WNbeog4KyQD19Cv01iAHuF0ia31j4ss6NK3zlRnU+u0oM7Ck5qha//16KvhFdbKz8rgDcVXqiEHzPf04eluJSMkX+QexZhRDV0loJEPIYAGLhmTbgOcJVQXpfygIgZ+bevG39Arjc=
d5VNLAyeFdqdDq4X8gSxD19Cv01iAHuF0ia31j4ss6NK3zlRnU+u0oM7Ck5qha//16KvhFdbKz8rgDcVXqiEHzPf04eluJSMkX+Qfx92QzV0loJEPIYAGLhmTbsIcJlQXpfygIgZ+bevG39Arjc=
